TpTrace Verbose: 0 : 1484, 1, 2021/10/31, 10:03:42.021, 75247462642, vstest.console.dll, Version: 16.11.0-release-20210626-04
TpTrace Information: 0 : 1484, 1, 2021/10/31, 10:03:42.029, 75247525860, vstest.console.dll, FilePatternParser: The given file C:\Users\aitor\Downloads\ValidateIdAPI\ValidateId.Test\bin\Debug\net5.0\fine-code-coverage\build-output\ValidateId.Test.dll is a full path.
TpTrace Verbose: 0 : 1484, 1, 2021/10/31, 10:03:42.035, 75247580832, vstest.console.dll, TestPluginCache.DiscoverTestExtensions: finding test extensions in assemblies ends with: RuntimeProvider.dll TPluginInfo: Microsoft.VisualStudio.TestPlatform.Common.ExtensionFramework.Utilities.TestRuntimePluginInformation TExtension: Microsoft.VisualStudio.TestPlatform.ObjectModel.Host.ITestRuntimeProvider
TpTrace Verbose: 0 : 1484, 1, 2021/10/31, 10:03:42.035, 75247586431, vstest.console.dll, TestPluginCache.GetExtensionPaths: Filtered extension paths: 
TpTrace Verbose: 0 : 1484, 1, 2021/10/31, 10:03:42.035, 75247587433, vstest.console.dll, TestPluginCache.GetExtensionPaths: Added default extension paths: C:\Program Files\dotnet\sdk\5.0.400\Extensions\Microsoft.Diagnostics.NETCore.Client.dll
C:\Program Files\dotnet\sdk\5.0.400\Extensions\Microsoft.TestPlatform.Extensions.BlameDataCollector.dll
C:\Program Files\dotnet\sdk\5.0.400\Extensions\Microsoft.TestPlatform.Extensions.EventLogCollector.dll
C:\Program Files\dotnet\sdk\5.0.400\Extensions\Microsoft.TestPlatform.TestHostRuntimeProvider.dll
C:\Program Files\dotnet\sdk\5.0.400\Extensions\Microsoft.VisualStudio.TestPlatform.Extensions.Html.TestLogger.dll
C:\Program Files\dotnet\sdk\5.0.400\Extensions\Microsoft.VisualStudio.TestPlatform.Extensions.Trx.TestLogger.dll
TpTrace Verbose: 0 : 1484, 1, 2021/10/31, 10:03:42.035, 75247587871, vstest.console.dll, TestPluginCache.GetExtensionPaths: Added unfilterableExtensionPaths: 
TpTrace Information: 0 : 1484, 1, 2021/10/31, 10:03:42.036, 75247594619, vstest.console.dll, AssemblyResolver.ctor: Creating AssemblyResolver with searchDirectories C:\Program Files\dotnet\sdk\5.0.400\Extensions,C:\Program Files\dotnet\sdk\5.0.400
TpTrace Verbose: 0 : 1484, 1, 2021/10/31, 10:03:42.037, 75247603193, vstest.console.dll, TestPluginCache.DiscoverTestExtensions: Discovering the extensions using extension path.
TpTrace Verbose: 0 : 1484, 1, 2021/10/31, 10:03:42.037, 75247604542, vstest.console.dll, TestPluginCache.GetExtensionPaths: Filtered extension paths: 
TpTrace Verbose: 0 : 1484, 1, 2021/10/31, 10:03:42.037, 75247605068, vstest.console.dll, TestPluginCache.GetExtensionPaths: Added default extension paths: C:\Program Files\dotnet\sdk\5.0.400\Extensions\Microsoft.Diagnostics.NETCore.Client.dll
C:\Program Files\dotnet\sdk\5.0.400\Extensions\Microsoft.TestPlatform.Extensions.BlameDataCollector.dll
C:\Program Files\dotnet\sdk\5.0.400\Extensions\Microsoft.TestPlatform.Extensions.EventLogCollector.dll
C:\Program Files\dotnet\sdk\5.0.400\Extensions\Microsoft.TestPlatform.TestHostRuntimeProvider.dll
C:\Program Files\dotnet\sdk\5.0.400\Extensions\Microsoft.VisualStudio.TestPlatform.Extensions.Html.TestLogger.dll
C:\Program Files\dotnet\sdk\5.0.400\Extensions\Microsoft.VisualStudio.TestPlatform.Extensions.Trx.TestLogger.dll
TpTrace Verbose: 0 : 1484, 1, 2021/10/31, 10:03:42.037, 75247605434, vstest.console.dll, TestPluginCache.GetExtensionPaths: Added unfilterableExtensionPaths: 
TpTrace Verbose: 0 : 1484, 1, 2021/10/31, 10:03:42.037, 75247606109, vstest.console.dll, TestPluginCache.DiscoverTestExtensions: Discovering the extensions using allExtensionPaths: C:\Program Files\dotnet\sdk\5.0.400\Extensions\Microsoft.Diagnostics.NETCore.Client.dll
C:\Program Files\dotnet\sdk\5.0.400\Extensions\Microsoft.TestPlatform.Extensions.BlameDataCollector.dll
C:\Program Files\dotnet\sdk\5.0.400\Extensions\Microsoft.TestPlatform.Extensions.EventLogCollector.dll
C:\Program Files\dotnet\sdk\5.0.400\Extensions\Microsoft.TestPlatform.TestHostRuntimeProvider.dll
C:\Program Files\dotnet\sdk\5.0.400\Extensions\Microsoft.VisualStudio.TestPlatform.Extensions.Html.TestLogger.dll
C:\Program Files\dotnet\sdk\5.0.400\Extensions\Microsoft.VisualStudio.TestPlatform.Extensions.Trx.TestLogger.dll
TpTrace Information: 0 : 1484, 1, 2021/10/31, 10:03:42.037, 75247607523, vstest.console.dll, AssemblyResolver.AddSearchDirectories: Adding more searchDirectories C:\Program Files\dotnet\sdk\5.0.400\Extensions,C:\Program Files\dotnet\sdk\5.0.400
TpTrace Information: 0 : 1484, 1, 2021/10/31, 10:03:42.037, 75247608226, vstest.console.dll, AssemblyResolver.AddSearchDirectories: Adding more searchDirectories C:\Program Files\dotnet\sdk\5.0.400\Extensions,C:\Program Files\dotnet\sdk\5.0.400
TpTrace Information: 0 : 1484, 1, 2021/10/31, 10:03:42.037, 75247608661, vstest.console.dll, AssemblyResolver.AddSearchDirectories: Adding more searchDirectories C:\Program Files\dotnet\sdk\5.0.400\Extensions,C:\Program Files\dotnet\sdk\5.0.400
TpTrace Information: 0 : 1484, 1, 2021/10/31, 10:03:42.037, 75247609011, vstest.console.dll, AssemblyResolver.AddSearchDirectories: Adding more searchDirectories C:\Program Files\dotnet\sdk\5.0.400\Extensions,C:\Program Files\dotnet\sdk\5.0.400
TpTrace Information: 0 : 1484, 1, 2021/10/31, 10:03:42.037, 75247609353, vstest.console.dll, AssemblyResolver.AddSearchDirectories: Adding more searchDirectories C:\Program Files\dotnet\sdk\5.0.400\Extensions,C:\Program Files\dotnet\sdk\5.0.400
TpTrace Information: 0 : 1484, 1, 2021/10/31, 10:03:42.037, 75247609741, vstest.console.dll, AssemblyResolver.AddSearchDirectories: Adding more searchDirectories C:\Program Files\dotnet\sdk\5.0.400\Extensions,C:\Program Files\dotnet\sdk\5.0.400
TpTrace Information: 0 : 1484, 1, 2021/10/31, 10:03:42.038, 75247612914, vstest.console.dll, AssemblyResolver.OnResolve: Microsoft.Diagnostics.NETCore.Client: Resolving assembly.
TpTrace Information: 0 : 1484, 1, 2021/10/31, 10:03:42.038, 75247613683, vstest.console.dll, AssemblyResolver.OnResolve: Microsoft.Diagnostics.NETCore.Client: Searching in: 'C:\Program Files\dotnet\sdk\5.0.400\Extensions'.
TpTrace Information: 0 : 1484, 1, 2021/10/31, 10:03:42.038, 75247617353, vstest.console.dll, AssemblyResolver.OnResolve: Microsoft.Diagnostics.NETCore.Client: Loading assembly 'C:\Program Files\dotnet\sdk\5.0.400\Extensions\Microsoft.Diagnostics.NETCore.Client.dll'.
TpTrace Information: 0 : 1484, 1, 2021/10/31, 10:03:42.039, 75247621832, vstest.console.dll, AssemblyResolver.OnResolve: Resolved assembly: Microsoft.Diagnostics.NETCore.Client, from path: C:\Program Files\dotnet\sdk\5.0.400\Extensions\Microsoft.Diagnostics.NETCore.Client.dll
TpTrace Information: 0 : 1484, 1, 2021/10/31, 10:03:42.041, 75247642859, vstest.console.dll, AssemblyResolver.OnResolve: Microsoft.Bcl.AsyncInterfaces: Resolving assembly.
TpTrace Information: 0 : 1484, 1, 2021/10/31, 10:03:42.041, 75247643720, vstest.console.dll, AssemblyResolver.OnResolve: Microsoft.Bcl.AsyncInterfaces: Searching in: 'C:\Program Files\dotnet\sdk\5.0.400\Extensions'.
TpTrace Information: 0 : 1484, 1, 2021/10/31, 10:03:42.041, 75247644598, vstest.console.dll, AssemblyResolver.OnResolve: Microsoft.Bcl.AsyncInterfaces: Assembly path does not exist: 'C:\Program Files\dotnet\sdk\5.0.400\Extensions\Microsoft.Bcl.AsyncInterfaces.dll', returning.
TpTrace Information: 0 : 1484, 1, 2021/10/31, 10:03:42.041, 75247645267, vstest.console.dll, AssemblyResolver.OnResolve: Microsoft.Bcl.AsyncInterfaces: Assembly path does not exist: 'C:\Program Files\dotnet\sdk\5.0.400\Extensions\Microsoft.Bcl.AsyncInterfaces.exe', returning.
TpTrace Information: 0 : 1484, 1, 2021/10/31, 10:03:42.041, 75247645698, vstest.console.dll, AssemblyResolver.OnResolve: Microsoft.Bcl.AsyncInterfaces: Searching in: 'C:\Program Files\dotnet\sdk\5.0.400'.
TpTrace Information: 0 : 1484, 1, 2021/10/31, 10:03:42.041, 75247646358, vstest.console.dll, AssemblyResolver.OnResolve: Microsoft.Bcl.AsyncInterfaces: Assembly path does not exist: 'C:\Program Files\dotnet\sdk\5.0.400\Microsoft.Bcl.AsyncInterfaces.dll', returning.
TpTrace Information: 0 : 1484, 1, 2021/10/31, 10:03:42.041, 75247646983, vstest.console.dll, AssemblyResolver.OnResolve: Microsoft.Bcl.AsyncInterfaces: Assembly path does not exist: 'C:\Program Files\dotnet\sdk\5.0.400\Microsoft.Bcl.AsyncInterfaces.exe', returning.
TpTrace Information: 0 : 1484, 1, 2021/10/31, 10:03:42.041, 75247647668, vstest.console.dll, AssemblyResolver.OnResolve: Microsoft.Bcl.AsyncInterfaces: Failed to load assembly.
TpTrace Verbose: 0 : 1484, 1, 2021/10/31, 10:03:42.041, 75247648142, vstest.console.dll, CurrentDomainAssemblyResolve: Resolving assembly 'Microsoft.Bcl.AsyncInterfaces'.
TpTrace Information: 0 : 1484, 1, 2021/10/31, 10:03:42.041, 75247648811, vstest.console.dll, AssemblyResolver.OnResolve: Microsoft.Bcl.AsyncInterfaces: Resolving assembly.
TpTrace Information: 0 : 1484, 1, 2021/10/31, 10:03:42.041, 75247649237, vstest.console.dll, AssemblyResolver.OnResolve: Microsoft.Bcl.AsyncInterfaces: Resolved from cache.
TpTrace Verbose: 0 : 1484, 1, 2021/10/31, 10:03:42.041, 75247649594, vstest.console.dll, CurrentDomainAssemblyResolve: Resolving assembly 'Microsoft.Bcl.AsyncInterfaces'.
TpTrace Verbose: 0 : 1484, 1, 2021/10/31, 10:03:42.041, 75247649980, vstest.console.dll, CurrentDomainAssemblyResolve: Failed to resolve assembly 'Microsoft.Bcl.AsyncInterfaces'.
TpTrace Verbose: 0 : 1484, 1, 2021/10/31, 10:03:42.042, 75247656059, vstest.console.dll, CurrentDomainAssemblyResolve: Failed to resolve assembly 'Microsoft.Bcl.AsyncInterfaces'.
TpTrace Warning: 0 : 1484, 1, 2021/10/31, 10:03:42.053, 75247765847, vstest.console.dll, TestPluginDiscoverer: Failed to get types from assembly 'Microsoft.Diagnostics.NETCore.Client, Version=0.2.2.41902, Culture=neutral, PublicKeyToken=31bf3856ad364e35'.  Skipping test extension scan for this assembly.  Error: System.Reflection.ReflectionTypeLoadException: Unable to load one or more of the requested types.
Could not load file or assembly 'Microsoft.Bcl.AsyncInterfaces, Version=1.0.0.0, Culture=neutral, PublicKeyToken=cc7b13ffcd2ddd51'. El sistema no puede encontrar el archivo especificado.
   at System.Reflection.RuntimeModule.GetTypes(RuntimeModule module)
   at System.Reflection.RuntimeModule.GetTypes()
   at System.Reflection.Assembly.GetTypes()
   at Microsoft.VisualStudio.TestPlatform.Common.ExtensionFramework.TestPluginDiscoverer.GetTestExtensionsFromAssembly[TPluginInfo,TExtension](Assembly assembly, Dictionary`2 pluginInfos)
System.IO.FileNotFoundException: Could not load file or assembly 'Microsoft.Bcl.AsyncInterfaces, Version=1.0.0.0, Culture=neutral, PublicKeyToken=cc7b13ffcd2ddd51'. El sistema no puede encontrar el archivo especificado.
File name: 'Microsoft.Bcl.AsyncInterfaces, Version=1.0.0.0, Culture=neutral, PublicKeyToken=cc7b13ffcd2ddd51'
TpTrace Warning: 0 : 1484, 1, 2021/10/31, 10:03:42.053, 75247766959, vstest.console.dll, LoaderExceptions: System.IO.FileNotFoundException: Could not load file or assembly 'Microsoft.Bcl.AsyncInterfaces, Version=1.0.0.0, Culture=neutral, PublicKeyToken=cc7b13ffcd2ddd51'. El sistema no puede encontrar el archivo especificado.
File name: 'Microsoft.Bcl.AsyncInterfaces, Version=1.0.0.0, Culture=neutral, PublicKeyToken=cc7b13ffcd2ddd51'
TpTrace Information: 0 : 1484, 1, 2021/10/31, 10:03:42.053, 75247768020, vstest.console.dll, AssemblyResolver.OnResolve: Microsoft.TestPlatform.Extensions.BlameDataCollector: Resolving assembly.
TpTrace Information: 0 : 1484, 1, 2021/10/31, 10:03:42.053, 75247768465, vstest.console.dll, AssemblyResolver.OnResolve: Microsoft.TestPlatform.Extensions.BlameDataCollector: Searching in: 'C:\Program Files\dotnet\sdk\5.0.400\Extensions'.
TpTrace Information: 0 : 1484, 1, 2021/10/31, 10:03:42.054, 75247770758, vstest.console.dll, AssemblyResolver.OnResolve: Microsoft.TestPlatform.Extensions.BlameDataCollector: Loading assembly 'C:\Program Files\dotnet\sdk\5.0.400\Extensions\Microsoft.TestPlatform.Extensions.BlameDataCollector.dll'.
TpTrace Information: 0 : 1484, 1, 2021/10/31, 10:03:42.054, 75247774725, vstest.console.dll, AssemblyResolver.OnResolve: Resolved assembly: Microsoft.TestPlatform.Extensions.BlameDataCollector, from path: C:\Program Files\dotnet\sdk\5.0.400\Extensions\Microsoft.TestPlatform.Extensions.BlameDataCollector.dll
TpTrace Information: 0 : 1484, 1, 2021/10/31, 10:03:42.054, 75247779417, vstest.console.dll, AssemblyResolver.OnResolve: Microsoft.TestPlatform.Extensions.EventLogCollector: Resolving assembly.
TpTrace Information: 0 : 1484, 1, 2021/10/31, 10:03:42.054, 75247780068, vstest.console.dll, AssemblyResolver.OnResolve: Microsoft.TestPlatform.Extensions.EventLogCollector: Searching in: 'C:\Program Files\dotnet\sdk\5.0.400\Extensions'.
TpTrace Information: 0 : 1484, 1, 2021/10/31, 10:03:42.055, 75247782319, vstest.console.dll, AssemblyResolver.OnResolve: Microsoft.TestPlatform.Extensions.EventLogCollector: Loading assembly 'C:\Program Files\dotnet\sdk\5.0.400\Extensions\Microsoft.TestPlatform.Extensions.EventLogCollector.dll'.
TpTrace Information: 0 : 1484, 1, 2021/10/31, 10:03:42.055, 75247784890, vstest.console.dll, AssemblyResolver.OnResolve: Resolved assembly: Microsoft.TestPlatform.Extensions.EventLogCollector, from path: C:\Program Files\dotnet\sdk\5.0.400\Extensions\Microsoft.TestPlatform.Extensions.EventLogCollector.dll
TpTrace Information: 0 : 1484, 1, 2021/10/31, 10:03:42.056, 75247796276, vstest.console.dll, AssemblyResolver.OnResolve: Microsoft.TestPlatform.TestHostRuntimeProvider: Resolving assembly.
TpTrace Information: 0 : 1484, 1, 2021/10/31, 10:03:42.056, 75247796987, vstest.console.dll, AssemblyResolver.OnResolve: Microsoft.TestPlatform.TestHostRuntimeProvider: Searching in: 'C:\Program Files\dotnet\sdk\5.0.400\Extensions'.
TpTrace Information: 0 : 1484, 1, 2021/10/31, 10:03:42.056, 75247799132, vstest.console.dll, AssemblyResolver.OnResolve: Microsoft.TestPlatform.TestHostRuntimeProvider: Loading assembly 'C:\Program Files\dotnet\sdk\5.0.400\Extensions\Microsoft.TestPlatform.TestHostRuntimeProvider.dll'.
TpTrace Information: 0 : 1484, 1, 2021/10/31, 10:03:42.057, 75247802083, vstest.console.dll, AssemblyResolver.OnResolve: Resolved assembly: Microsoft.TestPlatform.TestHostRuntimeProvider, from path: C:\Program Files\dotnet\sdk\5.0.400\Extensions\Microsoft.TestPlatform.TestHostRuntimeProvider.dll
TpTrace Information: 0 : 1484, 1, 2021/10/31, 10:03:42.058, 75247810559, vstest.console.dll, AssemblyResolver.OnResolve: Microsoft.VisualStudio.TestPlatform.Extensions.Html.TestLogger: Resolving assembly.
TpTrace Information: 0 : 1484, 1, 2021/10/31, 10:03:42.058, 75247811177, vstest.console.dll, AssemblyResolver.OnResolve: Microsoft.VisualStudio.TestPlatform.Extensions.Html.TestLogger: Searching in: 'C:\Program Files\dotnet\sdk\5.0.400\Extensions'.
TpTrace Information: 0 : 1484, 1, 2021/10/31, 10:03:42.058, 75247813347, vstest.console.dll, AssemblyResolver.OnResolve: Microsoft.VisualStudio.TestPlatform.Extensions.Html.TestLogger: Loading assembly 'C:\Program Files\dotnet\sdk\5.0.400\Extensions\Microsoft.VisualStudio.TestPlatform.Extensions.Html.TestLogger.dll'.
TpTrace Information: 0 : 1484, 1, 2021/10/31, 10:03:42.058, 75247816294, vstest.console.dll, AssemblyResolver.OnResolve: Resolved assembly: Microsoft.VisualStudio.TestPlatform.Extensions.Html.TestLogger, from path: C:\Program Files\dotnet\sdk\5.0.400\Extensions\Microsoft.VisualStudio.TestPlatform.Extensions.Html.TestLogger.dll
TpTrace Information: 0 : 1484, 1, 2021/10/31, 10:03:42.058, 75247818681, vstest.console.dll, AssemblyResolver.OnResolve: Microsoft.VisualStudio.TestPlatform.Extensions.Trx.TestLogger: Resolving assembly.
TpTrace Information: 0 : 1484, 1, 2021/10/31, 10:03:42.058, 75247819198, vstest.console.dll, AssemblyResolver.OnResolve: Microsoft.VisualStudio.TestPlatform.Extensions.Trx.TestLogger: Searching in: 'C:\Program Files\dotnet\sdk\5.0.400\Extensions'.
TpTrace Information: 0 : 1484, 1, 2021/10/31, 10:03:42.059, 75247821251, vstest.console.dll, AssemblyResolver.OnResolve: Microsoft.VisualStudio.TestPlatform.Extensions.Trx.TestLogger: Loading assembly 'C:\Program Files\dotnet\sdk\5.0.400\Extensions\Microsoft.VisualStudio.TestPlatform.Extensions.Trx.TestLogger.dll'.
TpTrace Information: 0 : 1484, 1, 2021/10/31, 10:03:42.059, 75247824671, vstest.console.dll, AssemblyResolver.OnResolve: Resolved assembly: Microsoft.VisualStudio.TestPlatform.Extensions.Trx.TestLogger, from path: C:\Program Files\dotnet\sdk\5.0.400\Extensions\Microsoft.VisualStudio.TestPlatform.Extensions.Trx.TestLogger.dll
TpTrace Verbose: 0 : 1484, 1, 2021/10/31, 10:03:42.059, 75247828948, vstest.console.dll, TestPluginCache: Discovered the extensions using extension path ''.
TpTrace Verbose: 0 : 1484, 1, 2021/10/31, 10:03:42.059, 75247829551, vstest.console.dll, TestPluginCache: Discoverers are ''.
TpTrace Verbose: 0 : 1484, 1, 2021/10/31, 10:03:42.059, 75247829932, vstest.console.dll, TestPluginCache: Executors are ''.
TpTrace Verbose: 0 : 1484, 1, 2021/10/31, 10:03:42.060, 75247830225, vstest.console.dll, TestPluginCache: Executors2 are ''.
TpTrace Verbose: 0 : 1484, 1, 2021/10/31, 10:03:42.060, 75247830513, vstest.console.dll, TestPluginCache: Setting providers are ''.
TpTrace Verbose: 0 : 1484, 1, 2021/10/31, 10:03:42.060, 75247830803, vstest.console.dll, TestPluginCache: Loggers are ''.
TpTrace Information: 0 : 1484, 1, 2021/10/31, 10:03:42.063, 75247867237, vstest.console.dll, RunTestsArgumentProcessor:Execute: Test run is starting.
TpTrace Verbose: 0 : 1484, 1, 2021/10/31, 10:03:42.063, 75247868135, vstest.console.dll, RunTestsArgumentProcessor:Execute: Queuing Test run.
TpTrace Information: 0 : 1484, 1, 2021/10/31, 10:03:42.063, 75247869627, vstest.console.dll, TestRequestManager.RunTests: run tests started.
TpTrace Information: 0 : 1484, 1, 2021/10/31, 10:03:42.072, 75247950768, vstest.console.dll, AssemblyMetadataProvider.GetFrameWork: Determined framework:'.NETCoreApp,Version=v5.0' for source: 'C:\Users\aitor\Downloads\ValidateIdAPI\ValidateId.Test\bin\Debug\net5.0\fine-code-coverage\build-output\ValidateId.Test.dll'
TpTrace Information: 0 : 1484, 1, 2021/10/31, 10:03:42.072, 75247952507, vstest.console.dll, Determined framework for all sources: .NETCoreApp,Version=v5.0
TpTrace Information: 0 : 1484, 1, 2021/10/31, 10:03:42.072, 75247955989, vstest.console.dll, AssemblyMetadataProvider.GetArchitecture: Determined architecture:AnyCPU info for assembly: C:\Users\aitor\Downloads\ValidateIdAPI\ValidateId.Test\bin\Debug\net5.0\fine-code-coverage\build-output\ValidateId.Test.dll
TpTrace Information: 0 : 1484, 1, 2021/10/31, 10:03:42.074, 75247970815, vstest.console.dll, Determined platform for all sources: X64
TpTrace Information: 0 : 1484, 1, 2021/10/31, 10:03:42.076, 75247991669, vstest.console.dll, Compatible sources list : 
TpTrace Information: 0 : 1484, 1, 2021/10/31, 10:03:42.076, 75247992692, vstest.console.dll, C:\Users\aitor\Downloads\ValidateIdAPI\ValidateId.Test\bin\Debug\net5.0\fine-code-coverage\build-output\ValidateId.Test.dll
TpTrace Information: 0 : 1484, 1, 2021/10/31, 10:03:42.077, 75248008664, vstest.console.dll, InferRunSettingsHelper.IsTestSettingsEnabled: Unable to navigate to RunSettings/MSTest. Current node: RunSettings
TpTrace Information: 0 : 1484, 1, 2021/10/31, 10:03:42.078, 75248014318, vstest.console.dll, AssemblyResolver.OnResolve: Microsoft.VisualStudio.TestPlatform.Fakes: Resolving assembly.
TpTrace Information: 0 : 1484, 1, 2021/10/31, 10:03:42.078, 75248015018, vstest.console.dll, AssemblyResolver.OnResolve: Microsoft.VisualStudio.TestPlatform.Fakes: Searching in: 'C:\Program Files\dotnet\sdk\5.0.400\Extensions'.
TpTrace Information: 0 : 1484, 1, 2021/10/31, 10:03:42.078, 75248016184, vstest.console.dll, AssemblyResolver.OnResolve: Microsoft.VisualStudio.TestPlatform.Fakes: Assembly path does not exist: 'C:\Program Files\dotnet\sdk\5.0.400\Extensions\Microsoft.VisualStudio.TestPlatform.Fakes.dll', returning.
TpTrace Information: 0 : 1484, 1, 2021/10/31, 10:03:42.078, 75248016921, vstest.console.dll, AssemblyResolver.OnResolve: Microsoft.VisualStudio.TestPlatform.Fakes: Assembly path does not exist: 'C:\Program Files\dotnet\sdk\5.0.400\Extensions\Microsoft.VisualStudio.TestPlatform.Fakes.exe', returning.
TpTrace Information: 0 : 1484, 1, 2021/10/31, 10:03:42.078, 75248017292, vstest.console.dll, AssemblyResolver.OnResolve: Microsoft.VisualStudio.TestPlatform.Fakes: Searching in: 'C:\Program Files\dotnet\sdk\5.0.400'.
TpTrace Information: 0 : 1484, 1, 2021/10/31, 10:03:42.078, 75248018464, vstest.console.dll, AssemblyResolver.OnResolve: Microsoft.VisualStudio.TestPlatform.Fakes: Assembly path does not exist: 'C:\Program Files\dotnet\sdk\5.0.400\Microsoft.VisualStudio.TestPlatform.Fakes.dll', returning.
TpTrace Information: 0 : 1484, 1, 2021/10/31, 10:03:42.078, 75248019228, vstest.console.dll, AssemblyResolver.OnResolve: Microsoft.VisualStudio.TestPlatform.Fakes: Assembly path does not exist: 'C:\Program Files\dotnet\sdk\5.0.400\Microsoft.VisualStudio.TestPlatform.Fakes.exe', returning.
TpTrace Information: 0 : 1484, 1, 2021/10/31, 10:03:42.078, 75248019589, vstest.console.dll, AssemblyResolver.OnResolve: Microsoft.VisualStudio.TestPlatform.Fakes: Failed to load assembly.
TpTrace Information: 0 : 1484, 1, 2021/10/31, 10:03:42.079, 75248022656, vstest.console.dll, Failed to create newly implemented Fakes Configurator. Reason:System.IO.FileNotFoundException: Could not load file or assembly 'Microsoft.VisualStudio.TestPlatform.Fakes, Version=16.0.0.0, Culture=neutral, PublicKeyToken=null'. El sistema no puede encontrar el archivo especificado.
File name: 'Microsoft.VisualStudio.TestPlatform.Fakes, Version=16.0.0.0, Culture=neutral, PublicKeyToken=null'
   at System.Reflection.RuntimeAssembly.InternalLoad(ObjectHandleOnStack assemblyName, ObjectHandleOnStack requestingAssembly, StackCrawlMarkHandle stackMark, Boolean throwOnFileNotFound, ObjectHandleOnStack assemblyLoadContext, ObjectHandleOnStack retAssembly)
   at System.Reflection.RuntimeAssembly.InternalLoad(AssemblyName assemblyName, RuntimeAssembly requestingAssembly, StackCrawlMark& stackMark, Boolean throwOnFileNotFound, AssemblyLoadContext assemblyLoadContext)
   at System.Reflection.Assembly.Load(AssemblyName assemblyRef)
   at Microsoft.VisualStudio.TestPlatform.Common.Utilities.FakesUtilities.TryGetFakesCrossPlatformDataCollectorConfigurator() 
TpTrace Verbose: 0 : 1484, 1, 2021/10/31, 10:03:42.082, 75248053661, vstest.console.dll, TestPluginCache.DiscoverTestExtensions: finding test extensions in assemblies ends with: TestLogger.dll TPluginInfo: Microsoft.VisualStudio.TestPlatform.Common.ExtensionFramework.Utilities.TestLoggerPluginInformation TExtension: Microsoft.VisualStudio.TestPlatform.ObjectModel.Client.ITestLogger
TpTrace Verbose: 0 : 1484, 1, 2021/10/31, 10:03:42.082, 75248054754, vstest.console.dll, TestPluginCache.GetExtensionPaths: Filtered extension paths: 
TpTrace Verbose: 0 : 1484, 1, 2021/10/31, 10:03:42.082, 75248055171, vstest.console.dll, TestPluginCache.GetExtensionPaths: Added default extension paths: C:\Program Files\dotnet\sdk\5.0.400\Extensions\Microsoft.Diagnostics.NETCore.Client.dll
C:\Program Files\dotnet\sdk\5.0.400\Extensions\Microsoft.TestPlatform.Extensions.BlameDataCollector.dll
C:\Program Files\dotnet\sdk\5.0.400\Extensions\Microsoft.TestPlatform.Extensions.EventLogCollector.dll
C:\Program Files\dotnet\sdk\5.0.400\Extensions\Microsoft.TestPlatform.TestHostRuntimeProvider.dll
C:\Program Files\dotnet\sdk\5.0.400\Extensions\Microsoft.VisualStudio.TestPlatform.Extensions.Html.TestLogger.dll
C:\Program Files\dotnet\sdk\5.0.400\Extensions\Microsoft.VisualStudio.TestPlatform.Extensions.Trx.TestLogger.dll
TpTrace Verbose: 0 : 1484, 1, 2021/10/31, 10:03:42.082, 75248055583, vstest.console.dll, TestPluginCache.GetExtensionPaths: Added unfilterableExtensionPaths: 
TpTrace Information: 0 : 1484, 1, 2021/10/31, 10:03:42.082, 75248057173, vstest.console.dll, AssemblyResolver.AddSearchDirectories: Adding more searchDirectories C:\Program Files\dotnet\sdk\5.0.400\Extensions,C:\Program Files\dotnet\sdk\5.0.400
TpTrace Verbose: 0 : 1484, 1, 2021/10/31, 10:03:42.082, 75248057669, vstest.console.dll, TestPluginCache.DiscoverTestExtensions: Discovering the extensions using extension path.
TpTrace Verbose: 0 : 1484, 1, 2021/10/31, 10:03:42.082, 75248058022, vstest.console.dll, TestPluginCache.GetExtensionPaths: Filtered extension paths: 
TpTrace Verbose: 0 : 1484, 1, 2021/10/31, 10:03:42.082, 75248058436, vstest.console.dll, TestPluginCache.GetExtensionPaths: Added default extension paths: C:\Program Files\dotnet\sdk\5.0.400\Extensions\Microsoft.Diagnostics.NETCore.Client.dll
C:\Program Files\dotnet\sdk\5.0.400\Extensions\Microsoft.TestPlatform.Extensions.BlameDataCollector.dll
C:\Program Files\dotnet\sdk\5.0.400\Extensions\Microsoft.TestPlatform.Extensions.EventLogCollector.dll
C:\Program Files\dotnet\sdk\5.0.400\Extensions\Microsoft.TestPlatform.TestHostRuntimeProvider.dll
C:\Program Files\dotnet\sdk\5.0.400\Extensions\Microsoft.VisualStudio.TestPlatform.Extensions.Html.TestLogger.dll
C:\Program Files\dotnet\sdk\5.0.400\Extensions\Microsoft.VisualStudio.TestPlatform.Extensions.Trx.TestLogger.dll
TpTrace Verbose: 0 : 1484, 1, 2021/10/31, 10:03:42.082, 75248058847, vstest.console.dll, TestPluginCache.GetExtensionPaths: Added unfilterableExtensionPaths: 
TpTrace Verbose: 0 : 1484, 1, 2021/10/31, 10:03:42.082, 75248059258, vstest.console.dll, TestPluginCache.DiscoverTestExtensions: Discovering the extensions using allExtensionPaths: C:\Program Files\dotnet\sdk\5.0.400\Extensions\Microsoft.Diagnostics.NETCore.Client.dll
C:\Program Files\dotnet\sdk\5.0.400\Extensions\Microsoft.TestPlatform.Extensions.BlameDataCollector.dll
C:\Program Files\dotnet\sdk\5.0.400\Extensions\Microsoft.TestPlatform.Extensions.EventLogCollector.dll
C:\Program Files\dotnet\sdk\5.0.400\Extensions\Microsoft.TestPlatform.TestHostRuntimeProvider.dll
C:\Program Files\dotnet\sdk\5.0.400\Extensions\Microsoft.VisualStudio.TestPlatform.Extensions.Html.TestLogger.dll
C:\Program Files\dotnet\sdk\5.0.400\Extensions\Microsoft.VisualStudio.TestPlatform.Extensions.Trx.TestLogger.dll
TpTrace Information: 0 : 1484, 1, 2021/10/31, 10:03:42.082, 75248059717, vstest.console.dll, AssemblyResolver.AddSearchDirectories: Adding more searchDirectories C:\Program Files\dotnet\sdk\5.0.400\Extensions,C:\Program Files\dotnet\sdk\5.0.400
TpTrace Information: 0 : 1484, 1, 2021/10/31, 10:03:42.083, 75248060123, vstest.console.dll, AssemblyResolver.AddSearchDirectories: Adding more searchDirectories C:\Program Files\dotnet\sdk\5.0.400\Extensions,C:\Program Files\dotnet\sdk\5.0.400
TpTrace Information: 0 : 1484, 1, 2021/10/31, 10:03:42.083, 75248060468, vstest.console.dll, AssemblyResolver.AddSearchDirectories: Adding more searchDirectories C:\Program Files\dotnet\sdk\5.0.400\Extensions,C:\Program Files\dotnet\sdk\5.0.400
TpTrace Information: 0 : 1484, 1, 2021/10/31, 10:03:42.083, 75248060805, vstest.console.dll, AssemblyResolver.AddSearchDirectories: Adding more searchDirectories C:\Program Files\dotnet\sdk\5.0.400\Extensions,C:\Program Files\dotnet\sdk\5.0.400
TpTrace Information: 0 : 1484, 1, 2021/10/31, 10:03:42.083, 75248061184, vstest.console.dll, AssemblyResolver.AddSearchDirectories: Adding more searchDirectories C:\Program Files\dotnet\sdk\5.0.400\Extensions,C:\Program Files\dotnet\sdk\5.0.400
TpTrace Information: 0 : 1484, 1, 2021/10/31, 10:03:42.083, 75248061520, vstest.console.dll, AssemblyResolver.AddSearchDirectories: Adding more searchDirectories C:\Program Files\dotnet\sdk\5.0.400\Extensions,C:\Program Files\dotnet\sdk\5.0.400
TpTrace Information: 0 : 1484, 1, 2021/10/31, 10:03:42.083, 75248063695, vstest.console.dll, AssemblyResolver.OnResolve: Microsoft.Bcl.AsyncInterfaces: Resolving assembly.
TpTrace Information: 0 : 1484, 1, 2021/10/31, 10:03:42.083, 75248064194, vstest.console.dll, AssemblyResolver.OnResolve: Microsoft.Bcl.AsyncInterfaces: Resolved from cache.
TpTrace Verbose: 0 : 1484, 1, 2021/10/31, 10:03:42.083, 75248064573, vstest.console.dll, CurrentDomainAssemblyResolve: Resolving assembly 'Microsoft.Bcl.AsyncInterfaces'.
TpTrace Information: 0 : 1484, 1, 2021/10/31, 10:03:42.083, 75248065124, vstest.console.dll, AssemblyResolver.OnResolve: Microsoft.Bcl.AsyncInterfaces: Resolving assembly.
TpTrace Information: 0 : 1484, 1, 2021/10/31, 10:03:42.083, 75248065479, vstest.console.dll, AssemblyResolver.OnResolve: Microsoft.Bcl.AsyncInterfaces: Resolved from cache.
TpTrace Verbose: 0 : 1484, 1, 2021/10/31, 10:03:42.083, 75248065817, vstest.console.dll, CurrentDomainAssemblyResolve: Resolving assembly 'Microsoft.Bcl.AsyncInterfaces'.
TpTrace Verbose: 0 : 1484, 1, 2021/10/31, 10:03:42.083, 75248066179, vstest.console.dll, CurrentDomainAssemblyResolve: Failed to resolve assembly 'Microsoft.Bcl.AsyncInterfaces'.
TpTrace Verbose: 0 : 1484, 1, 2021/10/31, 10:03:42.083, 75248067522, vstest.console.dll, CurrentDomainAssemblyResolve: Failed to resolve assembly 'Microsoft.Bcl.AsyncInterfaces'.
TpTrace Warning: 0 : 1484, 1, 2021/10/31, 10:03:42.083, 75248069860, vstest.console.dll, TestPluginDiscoverer: Failed to get types from assembly 'Microsoft.Diagnostics.NETCore.Client, Version=0.2.2.41902, Culture=neutral, PublicKeyToken=31bf3856ad364e35'.  Skipping test extension scan for this assembly.  Error: System.Reflection.ReflectionTypeLoadException: Unable to load one or more of the requested types.
Could not load file or assembly 'Microsoft.Bcl.AsyncInterfaces, Version=1.0.0.0, Culture=neutral, PublicKeyToken=cc7b13ffcd2ddd51'. El sistema no puede encontrar el archivo especificado.
   at System.Reflection.RuntimeModule.GetTypes(RuntimeModule module)
   at System.Reflection.RuntimeModule.GetTypes()
   at System.Reflection.Assembly.GetTypes()
   at Microsoft.VisualStudio.TestPlatform.Common.ExtensionFramework.TestPluginDiscoverer.GetTestExtensionsFromAssembly[TPluginInfo,TExtension](Assembly assembly, Dictionary`2 pluginInfos)
System.IO.FileNotFoundException: Could not load file or assembly 'Microsoft.Bcl.AsyncInterfaces, Version=1.0.0.0, Culture=neutral, PublicKeyToken=cc7b13ffcd2ddd51'. El sistema no puede encontrar el archivo especificado.
File name: 'Microsoft.Bcl.AsyncInterfaces, Version=1.0.0.0, Culture=neutral, PublicKeyToken=cc7b13ffcd2ddd51'
TpTrace Warning: 0 : 1484, 1, 2021/10/31, 10:03:42.084, 75248070394, vstest.console.dll, LoaderExceptions: System.IO.FileNotFoundException: Could not load file or assembly 'Microsoft.Bcl.AsyncInterfaces, Version=1.0.0.0, Culture=neutral, PublicKeyToken=cc7b13ffcd2ddd51'. El sistema no puede encontrar el archivo especificado.
File name: 'Microsoft.Bcl.AsyncInterfaces, Version=1.0.0.0, Culture=neutral, PublicKeyToken=cc7b13ffcd2ddd51'
TpTrace Verbose: 0 : 1484, 1, 2021/10/31, 10:03:42.084, 75248073528, vstest.console.dll, TestPluginCache: Discovered the extensions using extension path ''.
TpTrace Verbose: 0 : 1484, 1, 2021/10/31, 10:03:42.084, 75248074016, vstest.console.dll, TestPluginCache: Discoverers are ''.
TpTrace Verbose: 0 : 1484, 1, 2021/10/31, 10:03:42.084, 75248074332, vstest.console.dll, TestPluginCache: Executors are ''.
TpTrace Verbose: 0 : 1484, 1, 2021/10/31, 10:03:42.084, 75248074694, vstest.console.dll, TestPluginCache: Executors2 are ''.
TpTrace Verbose: 0 : 1484, 1, 2021/10/31, 10:03:42.084, 75248074992, vstest.console.dll, TestPluginCache: Setting providers are ''.
TpTrace Verbose: 0 : 1484, 1, 2021/10/31, 10:03:42.084, 75248075650, vstest.console.dll, TestPluginCache: Loggers are 'logger://Microsoft/TestPlatform/Extensions/Blame/v1,logger://Microsoft/TestPlatform/HtmlLogger/v1,logger://Microsoft/TestPlatform/TrxLogger/v1'.
TpTrace Information: 0 : 1484, 1, 2021/10/31, 10:03:42.085, 75248080912, vstest.console.dll, TestPluginManager.CreateTestExtension: Attempting to load test extension: Microsoft.TestPlatform.Extensions.BlameDataCollector.BlameLogger
TpTrace Information: 0 : 1484, 1, 2021/10/31, 10:03:42.091, 75248148705, vstest.console.dll, TestPluginManager.CreateTestExtension: Attempting to load test extension: Microsoft.VisualStudio.TestPlatform.CrossPlatEngine.Hosting.DefaultTestHostManager
TpTrace Information: 0 : 1484, 1, 2021/10/31, 10:03:42.092, 75248151229, vstest.console.dll, TestPluginManager.CreateTestExtension: Attempting to load test extension: Microsoft.VisualStudio.TestPlatform.CrossPlatEngine.Hosting.DotnetTestHostManager
TpTrace Verbose: 0 : 1484, 1, 2021/10/31, 10:03:42.092, 75248155479, vstest.console.dll, TestEngine: Initializing Parallel Execution as MaxCpuCount is set to: 1
TpTrace Information: 0 : 1484, 1, 2021/10/31, 10:03:42.092, 75248159630, vstest.console.dll, InferRunSettingsHelper.IsTestSettingsEnabled: Unable to navigate to RunSettings/MSTest. Current node: RunSettings
TpTrace Verbose: 0 : 1484, 1, 2021/10/31, 10:03:42.103, 75248260752, vstest.console.dll, TestRequestSender is acting as server
TpTrace Verbose: 0 : 1484, 4, 2021/10/31, 10:03:42.105, 75248285861, vstest.console.dll, DataCollectionRequestSender.InitializeCommunication : Initialize communication. 
TpTrace Information: 0 : 1484, 4, 2021/10/31, 10:03:42.114, 75248371369, vstest.console.dll, Listening on Endpoint : 127.0.0.1:50731
TpTrace Verbose: 0 : 1484, 4, 2021/10/31, 10:03:42.123, 75248462156, vstest.console.dll, DotnetDataCollectionLauncher: Full path of dotnet.exe is C:\Program Files\dotnet\dotnet.exe
TpTrace Verbose: 0 : 1484, 4, 2021/10/31, 10:03:42.123, 75248463837, vstest.console.dll, DotnetDataCollectionLauncher: Adding  --runtimeconfig "C:\Program Files\dotnet\sdk\5.0.400\datacollector.runtimeconfig.json" in args
TpTrace Verbose: 0 : 1484, 4, 2021/10/31, 10:03:42.123, 75248464729, vstest.console.dll, DotnetDataCollectionLauncher: Adding  --depsfile "C:\Program Files\dotnet\sdk\5.0.400\datacollector.deps.json" in args
TpTrace Information: 0 : 1484, 4, 2021/10/31, 10:03:42.130, 75248531134, vstest.console.dll, ProxyDataCollectionManager.Initialize: Launched datacollector processId: 4024 port: 50731
TpTrace Information: 0 : 1484, 4, 2021/10/31, 10:03:42.130, 75248533230, vstest.console.dll, ProxyDataCollectionManager.Initialize: waiting for connection with timeout: 90 seconds
TpTrace Verbose: 0 : 1484, 4, 2021/10/31, 10:03:42.130, 75248534803, vstest.console.dll, DataCollectionRequestSender.WaitForRequestHandlerConnection : Waiting for connection with timeout: 90000
TpTrace Information: 0 : 1484, 7, 2021/10/31, 10:03:42.257, 75249802446, vstest.console.dll, Using the buffer size of 16384 bytes
TpTrace Verbose: 0 : 1484, 4, 2021/10/31, 10:03:42.257, 75249802877, vstest.console.dll, ProxyDataCollectionManager.InvokeDataCollectionServiceAction: Starting.
TpTrace Information: 0 : 1484, 7, 2021/10/31, 10:03:42.257, 75249803463, vstest.console.dll, Accepted Client request and set the flag
TpTrace Information: 0 : 1484, 4, 2021/10/31, 10:03:42.257, 75249804332, vstest.console.dll, ProxyDataCollectionManager.BeforeTestRunStart: Get environment variable and port for datacollector processId: 4024 port: 50731
TpTrace Verbose: 0 : 1484, 4, 2021/10/31, 10:03:42.257, 75249805381, vstest.console.dll, DataCollectionRequestSender.SendBeforeTestRunStartAndGetResult : Send BeforeTestRunStart message with settingsXml <RunSettings><RunConfiguration><ResultsDirectory>C:\Users\aitor\Downloads\ValidateIdAPI\ValidateId.Test\bin\Debug\net5.0\fine-code-coverage\coverage-tool-output</ResultsDirectory><TargetPlatform>X64</TargetPlatform><TargetFrameworkVersion>.NETCoreApp,Version=v5.0</TargetFrameworkVersion><DesignMode>False</DesignMode><CollectSourceInformation>False</CollectSourceInformation><TestAdaptersPaths>C:\Program Files\dotnet\sdk\5.0.400\Extensions</TestAdaptersPaths></RunConfiguration><LoggerRunSettings><Loggers><Logger friendlyName="blame" enabled="True" /><Logger friendlyName="Console" uri="logger://microsoft/TestPlatform/ConsoleLogger/v1" assemblyQualifiedName="Microsoft.VisualStudio.TestPlatform.CommandLine.Internal.ConsoleLogger, vstest.console, Version=15.0.0.0, Culture=neutral, PublicKeyToken=b03f5f7f11d50a3a" codeBase="C:\Program Files\dotnet\sdk\5.0.400\vstest.console.dll" enabled="True" /></Loggers></LoggerRunSettings><DataCollectionRunSettings><DataCollectors><DataCollector friendlyName="blame" enabled="True"><Configuration><ResultsDirectory>C:\Users\aitor\Downloads\ValidateIdAPI\ValidateId.Test\bin\Debug\net5.0\fine-code-coverage\coverage-tool-output</ResultsDirectory></Configuration></DataCollector></DataCollectors></DataCollectionRunSettings></RunSettings> and sources System.Linq.Enumerable+Concat2Iterator`1[System.String]: 
TpTrace Verbose: 0 : 1484, 4, 2021/10/31, 10:03:42.312, 75250350675, vstest.console.dll, DataCollectionRequestSender.SendBeforeTestRunStartAndGetResult : Received message: (DataCollection.SendMessage) -> {
  "FriendlyName": null,
  "Uri": null,
  "TestCaseId": "00000000-0000-0000-0000-000000000000",
  "Message": "Logging DataCollector Diagnostics in file: C:\\Users\\aitor\\Downloads\\ValidateIdAPI\\ValidateId.Test\\bin\\Debug\\net5.0\\fine-code-coverage\\coverage-tool-output\\diagnostics.datacollector.21-10-31_10-03-42_11935_4.log",
  "Level": 0
}
TpTrace Information: 0 : 1484, 4, 2021/10/31, 10:03:42.316, 75250395386, vstest.console.dll, AssemblyResolver.OnResolve: Microsoft.VisualStudio.TestPlatform.Common.resources: Resolving assembly.
TpTrace Information: 0 : 1484, 4, 2021/10/31, 10:03:42.316, 75250396311, vstest.console.dll, AssemblyResolver.OnResolve: Microsoft.VisualStudio.TestPlatform.Common.resources: Searching in: 'C:\Program Files\dotnet\sdk\5.0.400\Extensions'.
TpTrace Information: 0 : 1484, 4, 2021/10/31, 10:03:42.316, 75250397085, vstest.console.dll, AssemblyResolver.OnResolve: Microsoft.VisualStudio.TestPlatform.Common.resources: Assembly path does not exist: 'C:\Program Files\dotnet\sdk\5.0.400\Extensions\Microsoft.VisualStudio.TestPlatform.Common.resources.dll', returning.
TpTrace Information: 0 : 1484, 4, 2021/10/31, 10:03:42.316, 75250397792, vstest.console.dll, AssemblyResolver.OnResolve: Microsoft.VisualStudio.TestPlatform.Common.resources: Assembly path does not exist: 'C:\Program Files\dotnet\sdk\5.0.400\Extensions\Microsoft.VisualStudio.TestPlatform.Common.resources.exe', returning.
TpTrace Information: 0 : 1484, 4, 2021/10/31, 10:03:42.316, 75250398203, vstest.console.dll, AssemblyResolver.OnResolve: Microsoft.VisualStudio.TestPlatform.Common.resources: Searching in: 'C:\Program Files\dotnet\sdk\5.0.400'.
TpTrace Information: 0 : 1484, 4, 2021/10/31, 10:03:42.316, 75250398875, vstest.console.dll, AssemblyResolver.OnResolve: Microsoft.VisualStudio.TestPlatform.Common.resources: Assembly path does not exist: 'C:\Program Files\dotnet\sdk\5.0.400\Microsoft.VisualStudio.TestPlatform.Common.resources.dll', returning.
TpTrace Information: 0 : 1484, 4, 2021/10/31, 10:03:42.316, 75250399538, vstest.console.dll, AssemblyResolver.OnResolve: Microsoft.VisualStudio.TestPlatform.Common.resources: Assembly path does not exist: 'C:\Program Files\dotnet\sdk\5.0.400\Microsoft.VisualStudio.TestPlatform.Common.resources.exe', returning.
TpTrace Information: 0 : 1484, 4, 2021/10/31, 10:03:42.316, 75250399899, vstest.console.dll, AssemblyResolver.OnResolve: Microsoft.VisualStudio.TestPlatform.Common.resources: Failed to load assembly.
TpTrace Verbose: 0 : 1484, 4, 2021/10/31, 10:03:42.359, 75250823747, vstest.console.dll, DataCollectionRequestSender.SendBeforeTestRunStartAndGetResult : Received message: (DataCollection.BeforeTestRunStartResult) -> {
  "EnvironmentVariables": {},
  "DataCollectionEventsPort": 50733
}
TpTrace Information: 0 : 1484, 4, 2021/10/31, 10:03:42.362, 75250852677, vstest.console.dll, ProxyDataCollectionManager.BeforeTestRunStart: SendBeforeTestRunStartAndGetResult successful, env variable from datacollector:   and testhost port: 50733
TpTrace Information: 0 : 1484, 4, 2021/10/31, 10:03:42.362, 75250853399, vstest.console.dll, ProxyDataCollectionManager.InvokeDataCollectionServiceAction: Completed.
TpTrace Verbose: 0 : 1484, 1, 2021/10/31, 10:03:42.362, 75250854458, vstest.console.dll, TestRunRequest.ExecuteAsync: Creating test run request.
TpTrace Verbose: 0 : 1484, 1, 2021/10/31, 10:03:42.362, 75250856440, vstest.console.dll, TestRunRequest.ExecuteAsync: Starting.
TpTrace Information: 0 : 1484, 1, 2021/10/31, 10:03:42.362, 75250858444, vstest.console.dll, TestRunRequest.ExecuteAsync: Starting run with settings:TestRunCriteria:
   KeepAlive=False,FrequencyOfRunStatsChangeEvent=10,RunStatsChangeEventTimeout=00:00:01.5000000,TestCaseFilter=,TestExecutorLauncher=
   Settingsxml=<RunSettings>
  <RunConfiguration>
    <ResultsDirectory>C:\Users\aitor\Downloads\ValidateIdAPI\ValidateId.Test\bin\Debug\net5.0\fine-code-coverage\coverage-tool-output</ResultsDirectory>
    <TargetPlatform>X64</TargetPlatform>
    <TargetFrameworkVersion>.NETCoreApp,Version=v5.0</TargetFrameworkVersion>
    <DesignMode>False</DesignMode>
    <CollectSourceInformation>False</CollectSourceInformation>
  </RunConfiguration>
  <LoggerRunSettings>
    <Loggers>
      <Logger friendlyName="blame" enabled="True" />
      <Logger friendlyName="Console" uri="logger://microsoft/TestPlatform/ConsoleLogger/v1" assemblyQualifiedName="Microsoft.VisualStudio.TestPlatform.CommandLine.Internal.ConsoleLogger, vstest.console, Version=15.0.0.0, Culture=neutral, PublicKeyToken=b03f5f7f11d50a3a" codeBase="C:\Program Files\dotnet\sdk\5.0.400\vstest.console.dll" enabled="True" />
    </Loggers>
  </LoggerRunSettings>
  <DataCollectionRunSettings>
    <DataCollectors>
      <DataCollector friendlyName="blame" enabled="True">
        <Configuration>
          <ResultsDirectory>C:\Users\aitor\Downloads\ValidateIdAPI\ValidateId.Test\bin\Debug\net5.0\fine-code-coverage\coverage-tool-output</ResultsDirectory>
        </Configuration>
      </DataCollector>
    </DataCollectors>
  </DataCollectionRunSettings>
</RunSettings>

TpTrace Verbose: 0 : 1484, 1, 2021/10/31, 10:03:42.362, 75250859015, vstest.console.dll, TestRunRequest.ExecuteAsync: Wait for the first run request is over.
TpTrace Verbose: 0 : 1484, 1, 2021/10/31, 10:03:42.363, 75250862032, vstest.console.dll, ParallelProxyExecutionManager: Start execution. Total sources: 1
TpTrace Information: 0 : 1484, 1, 2021/10/31, 10:03:42.363, 75250869538, vstest.console.dll, ProxyParallelExecutionManager: Triggering test run for next source: C:\Users\aitor\Downloads\ValidateIdAPI\ValidateId.Test\bin\Debug\net5.0\fine-code-coverage\build-output\ValidateId.Test.dll
TpTrace Verbose: 0 : 1484, 6, 2021/10/31, 10:03:42.364, 75250871247, vstest.console.dll, ParallelProxyExecutionManager: Execution started. Started clients: 1
TpTrace Verbose: 0 : 1484, 1, 2021/10/31, 10:03:42.364, 75250871277, vstest.console.dll, ProxyParallelExecutionManager: No sources available for execution.
TpTrace Information: 0 : 1484, 1, 2021/10/31, 10:03:42.364, 75250872715, vstest.console.dll, TestRunRequest.ExecuteAsync: Started.
TpTrace Verbose: 0 : 1484, 1, 2021/10/31, 10:03:42.364, 75250873438, vstest.console.dll, TestRunRequest.WaitForCompletion: Waiting with timeout -1.
TpTrace Verbose: 0 : 1484, 6, 2021/10/31, 10:03:42.364, 75250874452, vstest.console.dll, TestRunRequest:SendTestRunMessage: Starting.
TpTrace Information: 0 : 1484, 6, 2021/10/31, 10:03:42.364, 75250875587, vstest.console.dll, TestRunRequest:SendTestRunMessage: Completed.
TpTrace Verbose: 0 : 1484, 6, 2021/10/31, 10:03:42.364, 75250877378, vstest.console.dll, ProxyExecutionManager: Test host is always Lazy initialize.
TpTrace Verbose: 0 : 1484, 6, 2021/10/31, 10:03:42.364, 75250879495, vstest.console.dll, TestRequestSender.InitializeCommunication: initialize communication. 
TpTrace Information: 0 : 1484, 6, 2021/10/31, 10:03:42.365, 75250884124, vstest.console.dll, SocketServer.Start: Listening on endpoint : 127.0.0.1:50734
TpTrace Verbose: 0 : 1484, 6, 2021/10/31, 10:03:42.365, 75250889733, vstest.console.dll, DotnetTestHostmanager: File C:\Users\aitor\Downloads\ValidateIdAPI\ValidateId.Test\bin\Debug\net5.0\fine-code-coverage\build-output\ValidateId.Test.runtimeconfig.json, does not exist
TpTrace Verbose: 0 : 1484, 6, 2021/10/31, 10:03:42.366, 75250890838, vstest.console.dll, DotnetTestHostmanager: Adding  --depsfile "C:\Users\aitor\Downloads\ValidateIdAPI\ValidateId.Test\bin\Debug\net5.0\fine-code-coverage\build-output\ValidateId.Test.deps.json" in args
TpTrace Information: 0 : 1484, 6, 2021/10/31, 10:03:42.366, 75250892994, vstest.console.dll, AssemblyResolver.OnResolve: Microsoft.Extensions.DependencyModel: Resolving assembly.
TpTrace Information: 0 : 1484, 6, 2021/10/31, 10:03:42.366, 75250893594, vstest.console.dll, AssemblyResolver.OnResolve: Microsoft.Extensions.DependencyModel: Searching in: 'C:\Program Files\dotnet\sdk\5.0.400\Extensions'.
TpTrace Information: 0 : 1484, 6, 2021/10/31, 10:03:42.366, 75250894407, vstest.console.dll, AssemblyResolver.OnResolve: Microsoft.Extensions.DependencyModel: Assembly path does not exist: 'C:\Program Files\dotnet\sdk\5.0.400\Extensions\Microsoft.Extensions.DependencyModel.dll', returning.
TpTrace Information: 0 : 1484, 6, 2021/10/31, 10:03:42.366, 75250895137, vstest.console.dll, AssemblyResolver.OnResolve: Microsoft.Extensions.DependencyModel: Assembly path does not exist: 'C:\Program Files\dotnet\sdk\5.0.400\Extensions\Microsoft.Extensions.DependencyModel.exe', returning.
TpTrace Information: 0 : 1484, 6, 2021/10/31, 10:03:42.366, 75250895564, vstest.console.dll, AssemblyResolver.OnResolve: Microsoft.Extensions.DependencyModel: Searching in: 'C:\Program Files\dotnet\sdk\5.0.400'.
TpTrace Information: 0 : 1484, 6, 2021/10/31, 10:03:42.366, 75250897544, vstest.console.dll, AssemblyResolver.OnResolve: Microsoft.Extensions.DependencyModel: Loading assembly 'C:\Program Files\dotnet\sdk\5.0.400\Microsoft.Extensions.DependencyModel.dll'.
TpTrace Information: 0 : 1484, 6, 2021/10/31, 10:03:42.367, 75250900894, vstest.console.dll, AssemblyResolver.OnResolve: Resolved assembly: Microsoft.Extensions.DependencyModel, from path: C:\Program Files\dotnet\sdk\5.0.400\Microsoft.Extensions.DependencyModel.dll
TpTrace Verbose: 0 : 1484, 6, 2021/10/31, 10:03:42.367, 75250903232, vstest.console.dll, DotnetTestHostManager: Assume published test project, with test host path = C:\Users\aitor\Downloads\ValidateIdAPI\ValidateId.Test\bin\Debug\net5.0\fine-code-coverage\build-output\testhost.dll.
TpTrace Information: 0 : 1484, 6, 2021/10/31, 10:03:42.367, 75250906075, vstest.console.dll, AssemblyResolver.OnResolve: Microsoft.TestPlatform.TestHostRuntimeProvider.resources: Resolving assembly.
TpTrace Information: 0 : 1484, 6, 2021/10/31, 10:03:42.367, 75250906603, vstest.console.dll, AssemblyResolver.OnResolve: Microsoft.TestPlatform.TestHostRuntimeProvider.resources: Searching in: 'C:\Program Files\dotnet\sdk\5.0.400\Extensions'.
TpTrace Information: 0 : 1484, 6, 2021/10/31, 10:03:42.367, 75250907353, vstest.console.dll, AssemblyResolver.OnResolve: Microsoft.TestPlatform.TestHostRuntimeProvider.resources: Assembly path does not exist: 'C:\Program Files\dotnet\sdk\5.0.400\Extensions\Microsoft.TestPlatform.TestHostRuntimeProvider.resources.dll', returning.
TpTrace Information: 0 : 1484, 6, 2021/10/31, 10:03:42.367, 75250907992, vstest.console.dll, AssemblyResolver.OnResolve: Microsoft.TestPlatform.TestHostRuntimeProvider.resources: Assembly path does not exist: 'C:\Program Files\dotnet\sdk\5.0.400\Extensions\Microsoft.TestPlatform.TestHostRuntimeProvider.resources.exe', returning.
TpTrace Information: 0 : 1484, 6, 2021/10/31, 10:03:42.367, 75250908338, vstest.console.dll, AssemblyResolver.OnResolve: Microsoft.TestPlatform.TestHostRuntimeProvider.resources: Searching in: 'C:\Program Files\dotnet\sdk\5.0.400'.
TpTrace Information: 0 : 1484, 6, 2021/10/31, 10:03:42.367, 75250908959, vstest.console.dll, AssemblyResolver.OnResolve: Microsoft.TestPlatform.TestHostRuntimeProvider.resources: Assembly path does not exist: 'C:\Program Files\dotnet\sdk\5.0.400\Microsoft.TestPlatform.TestHostRuntimeProvider.resources.dll', returning.
TpTrace Information: 0 : 1484, 6, 2021/10/31, 10:03:42.367, 75250909626, vstest.console.dll, AssemblyResolver.OnResolve: Microsoft.TestPlatform.TestHostRuntimeProvider.resources: Assembly path does not exist: 'C:\Program Files\dotnet\sdk\5.0.400\Microsoft.TestPlatform.TestHostRuntimeProvider.resources.exe', returning.
TpTrace Information: 0 : 1484, 6, 2021/10/31, 10:03:42.367, 75250909974, vstest.console.dll, AssemblyResolver.OnResolve: Microsoft.TestPlatform.TestHostRuntimeProvider.resources: Failed to load assembly.
TpTrace Error: 0 : 1484, 6, 2021/10/31, 10:03:42.369, 75250924148, vstest.console.dll, ProxyExecutionManager.StartTestRun: Failed to start test run: Microsoft.VisualStudio.TestPlatform.ObjectModel.TestPlatformException: No se encuentra C:\Users\aitor\Downloads\ValidateIdAPI\ValidateId.Test\bin\Debug\net5.0\fine-code-coverage\build-output\testhost.dll. Publique el proyecto de prueba y vuelva a intentarlo.
   at Microsoft.VisualStudio.TestPlatform.CrossPlatEngine.Hosting.DotnetTestHostManager.GetTestHostPath(String runtimeConfigDevPath, String depsFilePath, String sourceDirectory)
   at Microsoft.VisualStudio.TestPlatform.CrossPlatEngine.Hosting.DotnetTestHostManager.GetTestHostProcessStartInfo(IEnumerable`1 sources, IDictionary`2 environmentVariables, TestRunnerConnectionInfo connectionInfo)
   at Microsoft.VisualStudio.TestPlatform.CrossPlatEngine.Client.ProxyOperationManager.SetupChannel(IEnumerable`1 sources, String runSettings)
   at Microsoft.VisualStudio.TestPlatform.CrossPlatEngine.Client.ProxyExecutionManager.StartTestRun(TestRunCriteria testRunCriteria, ITestRunEventsHandler eventHandler)
TpTrace Verbose: 0 : 1484, 6, 2021/10/31, 10:03:42.370, 75250935149, vstest.console.dll, TestRunRequest:SendTestRunMessage: Starting.
TpTrace Information: 0 : 1484, 6, 2021/10/31, 10:03:42.370, 75250935971, vstest.console.dll, TestRunRequest:SendTestRunMessage: Completed.
TpTrace Warning: 0 : 1484, 6, 2021/10/31, 10:03:42.377, 75251007305, vstest.console.dll, ProxyOperationManager: Timed out waiting for test host to exit. Will terminate process.
TpTrace Verbose: 0 : 1484, 6, 2021/10/31, 10:03:42.378, 75251010160, vstest.console.dll, ProxyDataCollectionManager.InvokeDataCollectionServiceAction: Starting.
TpTrace Information: 0 : 1484, 6, 2021/10/31, 10:03:42.378, 75251010714, vstest.console.dll, ProxyDataCollectionManager.AfterTestRunEnd: Get attachment set for datacollector processId: 4024 port: 50731
TpTrace Verbose: 0 : 1484, 6, 2021/10/31, 10:03:42.378, 75251011205, vstest.console.dll, DataCollectionRequestSender.SendAfterTestRunStartAndGetResult : Send AfterTestRunEnd message with isCancelled: False
TpTrace Verbose: 0 : 1484, 6, 2021/10/31, 10:05:12.381, 76151041911, vstest.console.dll, DataCollectionRequestSender.SendAfterTestRunStartAndGetResult : Received message: (DataCollection.AfterTestRunEndResult) -> {
  "AttachmentSets": [],
  "Metrics": {}
}
TpTrace Information: 0 : 1484, 6, 2021/10/31, 10:05:12.382, 76151053958, vstest.console.dll, ProxyDataCollectionManager.InvokeDataCollectionServiceAction: Completed.
TpTrace Verbose: 0 : 1484, 6, 2021/10/31, 10:05:12.382, 76151056580, vstest.console.dll, ParallelProxyExecutionManager: HandlePartialRunComplete: Total completed clients = 1, Run complete = True, Run canceled: False.
TpTrace Warning: 0 : 1484, 9, 2021/10/31, 10:05:12.385, 76151082656, vstest.console.dll, DataCollectionLauncher.ErrorReceivedCallback datacollector standard error line: 
TpTrace Information: 0 : 1484, 11, 2021/10/31, 10:05:12.388, 76151116687, vstest.console.dll, DataCollectionLauncher.ExitCallBack: Data collector exited with exitcode: 0 error: ''
TpTrace Verbose: 0 : 1484, 6, 2021/10/31, 10:05:12.400, 76151238564, vstest.console.dll, TestRunRequest:TestRunComplete: Starting. IsAborted:True IsCanceled:False.
TpTrace Verbose: 0 : 1484, 6, 2021/10/31, 10:05:12.401, 76151240205, vstest.console.dll, TestLoggerManager.HandleTestRunComplete: Ignoring as the object is disposed.
TpTrace Information: 0 : 1484, 6, 2021/10/31, 10:05:12.401, 76151241292, vstest.console.dll, TestRunRequest:TestRunComplete: Completed.
TpTrace Verbose: 0 : 1484, 1, 2021/10/31, 10:05:12.401, 76151241640, vstest.console.dll, TestRunRequest.Dispose: Starting.
TpTrace Information: 0 : 1484, 1, 2021/10/31, 10:05:12.401, 76151242369, vstest.console.dll, TestRunRequest.Dispose: Completed.
TpTrace Information: 0 : 1484, 1, 2021/10/31, 10:05:12.401, 76151242919, vstest.console.dll, TestRequestManager.RunTests: run tests completed.
TpTrace Information: 0 : 1484, 1, 2021/10/31, 10:05:12.401, 76151243655, vstest.console.dll, RunTestsArgumentProcessor:Execute: Test run is completed.
TpTrace Verbose: 0 : 1484, 1, 2021/10/31, 10:05:12.401, 76151244928, vstest.console.dll, Executor.Execute: Exiting with exit code of 1
