TpTrace Verbose: 0 : 24692, 1, 2021/11/01, 09:50:50.877, 931575817482, vstest.console.dll, Version: 16.11.0
TpTrace Information: 0 : 24692, 1, 2021/11/01, 09:50:50.895, 931575970933, vstest.console.dll, FilePatternParser: The given file C:\Users\aitor\Downloads\ValidateIdAPI\ValidateIdAPI.Tests\bin\Debug\net5.0\fine-code-coverage\build-output\ValidateIdAPI.Tests.dll is a full path.
TpTrace Verbose: 0 : 24692, 1, 2021/11/01, 09:50:50.921, 931576230747, vstest.console.dll, TestPluginCache.DiscoverTestExtensions: finding test extensions in assemblies ends with: RuntimeProvider.dll TPluginInfo: Microsoft.VisualStudio.TestPlatform.Common.ExtensionFramework.Utilities.TestRuntimePluginInformation TExtension: Microsoft.VisualStudio.TestPlatform.ObjectModel.Host.ITestRuntimeProvider
TpTrace Verbose: 0 : 24692, 1, 2021/11/01, 09:50:50.921, 931576234836, vstest.console.dll, TestPluginCache.GetExtensionPaths: Filtered extension paths: 
TpTrace Verbose: 0 : 24692, 1, 2021/11/01, 09:50:50.921, 931576235839, vstest.console.dll, TestPluginCache.GetExtensionPaths: Added default extension paths: C:\Program Files\dotnet\sdk\5.0.402\Extensions\Microsoft.Diagnostics.NETCore.Client.dll
C:\Program Files\dotnet\sdk\5.0.402\Extensions\Microsoft.TestPlatform.Extensions.BlameDataCollector.dll
C:\Program Files\dotnet\sdk\5.0.402\Extensions\Microsoft.TestPlatform.Extensions.EventLogCollector.dll
C:\Program Files\dotnet\sdk\5.0.402\Extensions\Microsoft.TestPlatform.TestHostRuntimeProvider.dll
C:\Program Files\dotnet\sdk\5.0.402\Extensions\Microsoft.VisualStudio.TestPlatform.Extensions.Html.TestLogger.dll
C:\Program Files\dotnet\sdk\5.0.402\Extensions\Microsoft.VisualStudio.TestPlatform.Extensions.Trx.TestLogger.dll
TpTrace Verbose: 0 : 24692, 1, 2021/11/01, 09:50:50.921, 931576236280, vstest.console.dll, TestPluginCache.GetExtensionPaths: Added unfilterableExtensionPaths: 
TpTrace Information: 0 : 24692, 1, 2021/11/01, 09:50:50.922, 931576242615, vstest.console.dll, AssemblyResolver.ctor: Creating AssemblyResolver with searchDirectories C:\Program Files\dotnet\sdk\5.0.402\Extensions,C:\Program Files\dotnet\sdk\5.0.402
TpTrace Verbose: 0 : 24692, 1, 2021/11/01, 09:50:50.923, 931576249724, vstest.console.dll, TestPluginCache.DiscoverTestExtensions: Discovering the extensions using extension path.
TpTrace Verbose: 0 : 24692, 1, 2021/11/01, 09:50:50.923, 931576250713, vstest.console.dll, TestPluginCache.GetExtensionPaths: Filtered extension paths: 
TpTrace Verbose: 0 : 24692, 1, 2021/11/01, 09:50:50.923, 931576251224, vstest.console.dll, TestPluginCache.GetExtensionPaths: Added default extension paths: C:\Program Files\dotnet\sdk\5.0.402\Extensions\Microsoft.Diagnostics.NETCore.Client.dll
C:\Program Files\dotnet\sdk\5.0.402\Extensions\Microsoft.TestPlatform.Extensions.BlameDataCollector.dll
C:\Program Files\dotnet\sdk\5.0.402\Extensions\Microsoft.TestPlatform.Extensions.EventLogCollector.dll
C:\Program Files\dotnet\sdk\5.0.402\Extensions\Microsoft.TestPlatform.TestHostRuntimeProvider.dll
C:\Program Files\dotnet\sdk\5.0.402\Extensions\Microsoft.VisualStudio.TestPlatform.Extensions.Html.TestLogger.dll
C:\Program Files\dotnet\sdk\5.0.402\Extensions\Microsoft.VisualStudio.TestPlatform.Extensions.Trx.TestLogger.dll
TpTrace Verbose: 0 : 24692, 1, 2021/11/01, 09:50:50.923, 931576251595, vstest.console.dll, TestPluginCache.GetExtensionPaths: Added unfilterableExtensionPaths: 
TpTrace Verbose: 0 : 24692, 1, 2021/11/01, 09:50:50.923, 931576252213, vstest.console.dll, TestPluginCache.DiscoverTestExtensions: Discovering the extensions using allExtensionPaths: C:\Program Files\dotnet\sdk\5.0.402\Extensions\Microsoft.Diagnostics.NETCore.Client.dll
C:\Program Files\dotnet\sdk\5.0.402\Extensions\Microsoft.TestPlatform.Extensions.BlameDataCollector.dll
C:\Program Files\dotnet\sdk\5.0.402\Extensions\Microsoft.TestPlatform.Extensions.EventLogCollector.dll
C:\Program Files\dotnet\sdk\5.0.402\Extensions\Microsoft.TestPlatform.TestHostRuntimeProvider.dll
C:\Program Files\dotnet\sdk\5.0.402\Extensions\Microsoft.VisualStudio.TestPlatform.Extensions.Html.TestLogger.dll
C:\Program Files\dotnet\sdk\5.0.402\Extensions\Microsoft.VisualStudio.TestPlatform.Extensions.Trx.TestLogger.dll
TpTrace Information: 0 : 24692, 1, 2021/11/01, 09:50:50.923, 931576253500, vstest.console.dll, AssemblyResolver.AddSearchDirectories: Adding more searchDirectories C:\Program Files\dotnet\sdk\5.0.402\Extensions,C:\Program Files\dotnet\sdk\5.0.402
TpTrace Information: 0 : 24692, 1, 2021/11/01, 09:50:50.923, 931576254214, vstest.console.dll, AssemblyResolver.AddSearchDirectories: Adding more searchDirectories C:\Program Files\dotnet\sdk\5.0.402\Extensions,C:\Program Files\dotnet\sdk\5.0.402
TpTrace Information: 0 : 24692, 1, 2021/11/01, 09:50:50.923, 931576254639, vstest.console.dll, AssemblyResolver.AddSearchDirectories: Adding more searchDirectories C:\Program Files\dotnet\sdk\5.0.402\Extensions,C:\Program Files\dotnet\sdk\5.0.402
TpTrace Information: 0 : 24692, 1, 2021/11/01, 09:50:50.923, 931576254989, vstest.console.dll, AssemblyResolver.AddSearchDirectories: Adding more searchDirectories C:\Program Files\dotnet\sdk\5.0.402\Extensions,C:\Program Files\dotnet\sdk\5.0.402
TpTrace Information: 0 : 24692, 1, 2021/11/01, 09:50:50.923, 931576255357, vstest.console.dll, AssemblyResolver.AddSearchDirectories: Adding more searchDirectories C:\Program Files\dotnet\sdk\5.0.402\Extensions,C:\Program Files\dotnet\sdk\5.0.402
TpTrace Information: 0 : 24692, 1, 2021/11/01, 09:50:50.923, 931576255692, vstest.console.dll, AssemblyResolver.AddSearchDirectories: Adding more searchDirectories C:\Program Files\dotnet\sdk\5.0.402\Extensions,C:\Program Files\dotnet\sdk\5.0.402
TpTrace Information: 0 : 24692, 1, 2021/11/01, 09:50:50.923, 931576258651, vstest.console.dll, AssemblyResolver.OnResolve: Microsoft.Diagnostics.NETCore.Client: Resolving assembly.
TpTrace Information: 0 : 24692, 1, 2021/11/01, 09:50:50.924, 931576259356, vstest.console.dll, AssemblyResolver.OnResolve: Microsoft.Diagnostics.NETCore.Client: Searching in: 'C:\Program Files\dotnet\sdk\5.0.402\Extensions'.
TpTrace Information: 0 : 24692, 1, 2021/11/01, 09:50:50.929, 931576318994, vstest.console.dll, AssemblyResolver.OnResolve: Microsoft.Diagnostics.NETCore.Client: Loading assembly 'C:\Program Files\dotnet\sdk\5.0.402\Extensions\Microsoft.Diagnostics.NETCore.Client.dll'.
TpTrace Information: 0 : 24692, 1, 2021/11/01, 09:50:50.934, 931576363701, vstest.console.dll, AssemblyResolver.OnResolve: Resolved assembly: Microsoft.Diagnostics.NETCore.Client, from path: C:\Program Files\dotnet\sdk\5.0.402\Extensions\Microsoft.Diagnostics.NETCore.Client.dll
TpTrace Information: 0 : 24692, 1, 2021/11/01, 09:50:50.936, 931576384348, vstest.console.dll, AssemblyResolver.OnResolve: Microsoft.Bcl.AsyncInterfaces: Resolving assembly.
TpTrace Information: 0 : 24692, 1, 2021/11/01, 09:50:50.936, 931576385053, vstest.console.dll, AssemblyResolver.OnResolve: Microsoft.Bcl.AsyncInterfaces: Searching in: 'C:\Program Files\dotnet\sdk\5.0.402\Extensions'.
TpTrace Information: 0 : 24692, 1, 2021/11/01, 09:50:50.936, 931576385939, vstest.console.dll, AssemblyResolver.OnResolve: Microsoft.Bcl.AsyncInterfaces: Assembly path does not exist: 'C:\Program Files\dotnet\sdk\5.0.402\Extensions\Microsoft.Bcl.AsyncInterfaces.dll', returning.
TpTrace Information: 0 : 24692, 1, 2021/11/01, 09:50:50.936, 931576386606, vstest.console.dll, AssemblyResolver.OnResolve: Microsoft.Bcl.AsyncInterfaces: Assembly path does not exist: 'C:\Program Files\dotnet\sdk\5.0.402\Extensions\Microsoft.Bcl.AsyncInterfaces.exe', returning.
TpTrace Information: 0 : 24692, 1, 2021/11/01, 09:50:50.936, 931576387029, vstest.console.dll, AssemblyResolver.OnResolve: Microsoft.Bcl.AsyncInterfaces: Searching in: 'C:\Program Files\dotnet\sdk\5.0.402'.
TpTrace Information: 0 : 24692, 1, 2021/11/01, 09:50:50.936, 931576387705, vstest.console.dll, AssemblyResolver.OnResolve: Microsoft.Bcl.AsyncInterfaces: Assembly path does not exist: 'C:\Program Files\dotnet\sdk\5.0.402\Microsoft.Bcl.AsyncInterfaces.dll', returning.
TpTrace Information: 0 : 24692, 1, 2021/11/01, 09:50:50.936, 931576388339, vstest.console.dll, AssemblyResolver.OnResolve: Microsoft.Bcl.AsyncInterfaces: Assembly path does not exist: 'C:\Program Files\dotnet\sdk\5.0.402\Microsoft.Bcl.AsyncInterfaces.exe', returning.
TpTrace Information: 0 : 24692, 1, 2021/11/01, 09:50:50.937, 931576389064, vstest.console.dll, AssemblyResolver.OnResolve: Microsoft.Bcl.AsyncInterfaces: Failed to load assembly.
TpTrace Verbose: 0 : 24692, 1, 2021/11/01, 09:50:50.937, 931576389558, vstest.console.dll, CurrentDomainAssemblyResolve: Resolving assembly 'Microsoft.Bcl.AsyncInterfaces'.
TpTrace Information: 0 : 24692, 1, 2021/11/01, 09:50:50.937, 931576390170, vstest.console.dll, AssemblyResolver.OnResolve: Microsoft.Bcl.AsyncInterfaces: Resolving assembly.
TpTrace Information: 0 : 24692, 1, 2021/11/01, 09:50:50.937, 931576390575, vstest.console.dll, AssemblyResolver.OnResolve: Microsoft.Bcl.AsyncInterfaces: Resolved from cache.
TpTrace Verbose: 0 : 24692, 1, 2021/11/01, 09:50:50.937, 931576390916, vstest.console.dll, CurrentDomainAssemblyResolve: Resolving assembly 'Microsoft.Bcl.AsyncInterfaces'.
TpTrace Verbose: 0 : 24692, 1, 2021/11/01, 09:50:50.937, 931576391288, vstest.console.dll, CurrentDomainAssemblyResolve: Failed to resolve assembly 'Microsoft.Bcl.AsyncInterfaces'.
TpTrace Verbose: 0 : 24692, 1, 2021/11/01, 09:50:50.937, 931576397147, vstest.console.dll, CurrentDomainAssemblyResolve: Failed to resolve assembly 'Microsoft.Bcl.AsyncInterfaces'.
TpTrace Warning: 0 : 24692, 1, 2021/11/01, 09:50:50.974, 931576766721, vstest.console.dll, TestPluginDiscoverer: Failed to get types from assembly 'Microsoft.Diagnostics.NETCore.Client, Version=0.2.2.41902, Culture=neutral, PublicKeyToken=31bf3856ad364e35'.  Skipping test extension scan for this assembly.  Error: System.Reflection.ReflectionTypeLoadException: Unable to load one or more of the requested types.
Could not load file or assembly 'Microsoft.Bcl.AsyncInterfaces, Version=1.0.0.0, Culture=neutral, PublicKeyToken=cc7b13ffcd2ddd51'. El sistema no puede encontrar el archivo especificado.
   at System.Reflection.RuntimeModule.GetTypes(RuntimeModule module)
   at System.Reflection.RuntimeModule.GetTypes()
   at System.Reflection.Assembly.GetTypes()
   at Microsoft.VisualStudio.TestPlatform.Common.ExtensionFramework.TestPluginDiscoverer.GetTestExtensionsFromAssembly[TPluginInfo,TExtension](Assembly assembly, Dictionary`2 pluginInfos)
System.IO.FileNotFoundException: Could not load file or assembly 'Microsoft.Bcl.AsyncInterfaces, Version=1.0.0.0, Culture=neutral, PublicKeyToken=cc7b13ffcd2ddd51'. El sistema no puede encontrar el archivo especificado.
File name: 'Microsoft.Bcl.AsyncInterfaces, Version=1.0.0.0, Culture=neutral, PublicKeyToken=cc7b13ffcd2ddd51'
TpTrace Warning: 0 : 24692, 1, 2021/11/01, 09:50:50.974, 931576768539, vstest.console.dll, LoaderExceptions: System.IO.FileNotFoundException: Could not load file or assembly 'Microsoft.Bcl.AsyncInterfaces, Version=1.0.0.0, Culture=neutral, PublicKeyToken=cc7b13ffcd2ddd51'. El sistema no puede encontrar el archivo especificado.
File name: 'Microsoft.Bcl.AsyncInterfaces, Version=1.0.0.0, Culture=neutral, PublicKeyToken=cc7b13ffcd2ddd51'
TpTrace Information: 0 : 24692, 1, 2021/11/01, 09:50:50.975, 931576769841, vstest.console.dll, AssemblyResolver.OnResolve: Microsoft.TestPlatform.Extensions.BlameDataCollector: Resolving assembly.
TpTrace Information: 0 : 24692, 1, 2021/11/01, 09:50:50.975, 931576770338, vstest.console.dll, AssemblyResolver.OnResolve: Microsoft.TestPlatform.Extensions.BlameDataCollector: Searching in: 'C:\Program Files\dotnet\sdk\5.0.402\Extensions'.
TpTrace Information: 0 : 24692, 1, 2021/11/01, 09:50:50.981, 931576829463, vstest.console.dll, AssemblyResolver.OnResolve: Microsoft.TestPlatform.Extensions.BlameDataCollector: Loading assembly 'C:\Program Files\dotnet\sdk\5.0.402\Extensions\Microsoft.TestPlatform.Extensions.BlameDataCollector.dll'.
TpTrace Information: 0 : 24692, 1, 2021/11/01, 09:50:50.985, 931576871032, vstest.console.dll, AssemblyResolver.OnResolve: Resolved assembly: Microsoft.TestPlatform.Extensions.BlameDataCollector, from path: C:\Program Files\dotnet\sdk\5.0.402\Extensions\Microsoft.TestPlatform.Extensions.BlameDataCollector.dll
TpTrace Information: 0 : 24692, 1, 2021/11/01, 09:50:50.985, 931576877646, vstest.console.dll, AssemblyResolver.OnResolve: Microsoft.TestPlatform.Extensions.EventLogCollector: Resolving assembly.
TpTrace Information: 0 : 24692, 1, 2021/11/01, 09:50:50.985, 931576878344, vstest.console.dll, AssemblyResolver.OnResolve: Microsoft.TestPlatform.Extensions.EventLogCollector: Searching in: 'C:\Program Files\dotnet\sdk\5.0.402\Extensions'.
TpTrace Information: 0 : 24692, 1, 2021/11/01, 09:50:50.991, 931576930925, vstest.console.dll, AssemblyResolver.OnResolve: Microsoft.TestPlatform.Extensions.EventLogCollector: Loading assembly 'C:\Program Files\dotnet\sdk\5.0.402\Extensions\Microsoft.TestPlatform.Extensions.EventLogCollector.dll'.
TpTrace Information: 0 : 24692, 1, 2021/11/01, 09:50:50.995, 931576969341, vstest.console.dll, AssemblyResolver.OnResolve: Resolved assembly: Microsoft.TestPlatform.Extensions.EventLogCollector, from path: C:\Program Files\dotnet\sdk\5.0.402\Extensions\Microsoft.TestPlatform.Extensions.EventLogCollector.dll
TpTrace Information: 0 : 24692, 1, 2021/11/01, 09:50:51.011, 931577137081, vstest.console.dll, AssemblyResolver.OnResolve: Microsoft.TestPlatform.TestHostRuntimeProvider: Resolving assembly.
TpTrace Information: 0 : 24692, 1, 2021/11/01, 09:50:51.011, 931577138136, vstest.console.dll, AssemblyResolver.OnResolve: Microsoft.TestPlatform.TestHostRuntimeProvider: Searching in: 'C:\Program Files\dotnet\sdk\5.0.402\Extensions'.
TpTrace Information: 0 : 24692, 1, 2021/11/01, 09:50:51.016, 931577187192, vstest.console.dll, AssemblyResolver.OnResolve: Microsoft.TestPlatform.TestHostRuntimeProvider: Loading assembly 'C:\Program Files\dotnet\sdk\5.0.402\Extensions\Microsoft.TestPlatform.TestHostRuntimeProvider.dll'.
TpTrace Information: 0 : 24692, 1, 2021/11/01, 09:50:51.020, 931577224407, vstest.console.dll, AssemblyResolver.OnResolve: Resolved assembly: Microsoft.TestPlatform.TestHostRuntimeProvider, from path: C:\Program Files\dotnet\sdk\5.0.402\Extensions\Microsoft.TestPlatform.TestHostRuntimeProvider.dll
TpTrace Information: 0 : 24692, 1, 2021/11/01, 09:50:51.021, 931577234460, vstest.console.dll, AssemblyResolver.OnResolve: Microsoft.VisualStudio.TestPlatform.Extensions.Html.TestLogger: Resolving assembly.
TpTrace Information: 0 : 24692, 1, 2021/11/01, 09:50:51.021, 931577235135, vstest.console.dll, AssemblyResolver.OnResolve: Microsoft.VisualStudio.TestPlatform.Extensions.Html.TestLogger: Searching in: 'C:\Program Files\dotnet\sdk\5.0.402\Extensions'.
TpTrace Information: 0 : 24692, 1, 2021/11/01, 09:50:51.026, 931577284446, vstest.console.dll, AssemblyResolver.OnResolve: Microsoft.VisualStudio.TestPlatform.Extensions.Html.TestLogger: Loading assembly 'C:\Program Files\dotnet\sdk\5.0.402\Extensions\Microsoft.VisualStudio.TestPlatform.Extensions.Html.TestLogger.dll'.
TpTrace Information: 0 : 24692, 1, 2021/11/01, 09:50:51.029, 931577317766, vstest.console.dll, AssemblyResolver.OnResolve: Resolved assembly: Microsoft.VisualStudio.TestPlatform.Extensions.Html.TestLogger, from path: C:\Program Files\dotnet\sdk\5.0.402\Extensions\Microsoft.VisualStudio.TestPlatform.Extensions.Html.TestLogger.dll
TpTrace Information: 0 : 24692, 1, 2021/11/01, 09:50:51.030, 931577321388, vstest.console.dll, AssemblyResolver.OnResolve: Microsoft.VisualStudio.TestPlatform.Extensions.Trx.TestLogger: Resolving assembly.
TpTrace Information: 0 : 24692, 1, 2021/11/01, 09:50:51.030, 931577321949, vstest.console.dll, AssemblyResolver.OnResolve: Microsoft.VisualStudio.TestPlatform.Extensions.Trx.TestLogger: Searching in: 'C:\Program Files\dotnet\sdk\5.0.402\Extensions'.
TpTrace Information: 0 : 24692, 1, 2021/11/01, 09:50:51.035, 931577373608, vstest.console.dll, AssemblyResolver.OnResolve: Microsoft.VisualStudio.TestPlatform.Extensions.Trx.TestLogger: Loading assembly 'C:\Program Files\dotnet\sdk\5.0.402\Extensions\Microsoft.VisualStudio.TestPlatform.Extensions.Trx.TestLogger.dll'.
TpTrace Information: 0 : 24692, 1, 2021/11/01, 09:50:51.039, 931577412101, vstest.console.dll, AssemblyResolver.OnResolve: Resolved assembly: Microsoft.VisualStudio.TestPlatform.Extensions.Trx.TestLogger, from path: C:\Program Files\dotnet\sdk\5.0.402\Extensions\Microsoft.VisualStudio.TestPlatform.Extensions.Trx.TestLogger.dll
TpTrace Verbose: 0 : 24692, 1, 2021/11/01, 09:50:51.039, 931577417799, vstest.console.dll, TestPluginCache: Discovered the extensions using extension path ''.
TpTrace Verbose: 0 : 24692, 1, 2021/11/01, 09:50:51.039, 931577418458, vstest.console.dll, TestPluginCache: Discoverers are ''.
TpTrace Verbose: 0 : 24692, 1, 2021/11/01, 09:50:51.039, 931577418806, vstest.console.dll, TestPluginCache: Executors are ''.
TpTrace Verbose: 0 : 24692, 1, 2021/11/01, 09:50:51.040, 931577419106, vstest.console.dll, TestPluginCache: Executors2 are ''.
TpTrace Verbose: 0 : 24692, 1, 2021/11/01, 09:50:51.040, 931577419397, vstest.console.dll, TestPluginCache: Setting providers are ''.
TpTrace Verbose: 0 : 24692, 1, 2021/11/01, 09:50:51.040, 931577419680, vstest.console.dll, TestPluginCache: Loggers are ''.
TpTrace Information: 0 : 24692, 1, 2021/11/01, 09:50:51.043, 931577457740, vstest.console.dll, RunTestsArgumentProcessor:Execute: Test run is starting.
TpTrace Verbose: 0 : 24692, 1, 2021/11/01, 09:50:51.043, 931577458667, vstest.console.dll, RunTestsArgumentProcessor:Execute: Queuing Test run.
TpTrace Information: 0 : 24692, 1, 2021/11/01, 09:50:51.044, 931577460249, vstest.console.dll, TestRequestManager.RunTests: run tests started.
TpTrace Information: 0 : 24692, 1, 2021/11/01, 09:50:51.051, 931577531995, vstest.console.dll, AssemblyMetadataProvider.GetFrameWork: Determined framework:'.NETCoreApp,Version=v5.0' for source: 'C:\Users\aitor\Downloads\ValidateIdAPI\ValidateIdAPI.Tests\bin\Debug\net5.0\fine-code-coverage\build-output\ValidateIdAPI.Tests.dll'
TpTrace Information: 0 : 24692, 1, 2021/11/01, 09:50:51.051, 931577533671, vstest.console.dll, Determined framework for all sources: .NETCoreApp,Version=v5.0
TpTrace Information: 0 : 24692, 1, 2021/11/01, 09:50:51.051, 931577537221, vstest.console.dll, AssemblyMetadataProvider.GetArchitecture: Determined architecture:AnyCPU info for assembly: C:\Users\aitor\Downloads\ValidateIdAPI\ValidateIdAPI.Tests\bin\Debug\net5.0\fine-code-coverage\build-output\ValidateIdAPI.Tests.dll
TpTrace Information: 0 : 24692, 1, 2021/11/01, 09:50:51.053, 931577551825, vstest.console.dll, Determined platform for all sources: X64
TpTrace Information: 0 : 24692, 1, 2021/11/01, 09:50:51.055, 931577571885, vstest.console.dll, Compatible sources list : 
TpTrace Information: 0 : 24692, 1, 2021/11/01, 09:50:51.055, 931577572628, vstest.console.dll, C:\Users\aitor\Downloads\ValidateIdAPI\ValidateIdAPI.Tests\bin\Debug\net5.0\fine-code-coverage\build-output\ValidateIdAPI.Tests.dll
TpTrace Information: 0 : 24692, 1, 2021/11/01, 09:50:51.056, 931577588445, vstest.console.dll, InferRunSettingsHelper.IsTestSettingsEnabled: Unable to navigate to RunSettings/MSTest. Current node: RunSettings
TpTrace Information: 0 : 24692, 1, 2021/11/01, 09:50:51.057, 931577593635, vstest.console.dll, AssemblyResolver.OnResolve: Microsoft.VisualStudio.TestPlatform.Fakes: Resolving assembly.
TpTrace Information: 0 : 24692, 1, 2021/11/01, 09:50:51.057, 931577594364, vstest.console.dll, AssemblyResolver.OnResolve: Microsoft.VisualStudio.TestPlatform.Fakes: Searching in: 'C:\Program Files\dotnet\sdk\5.0.402\Extensions'.
TpTrace Information: 0 : 24692, 1, 2021/11/01, 09:50:51.057, 931577595537, vstest.console.dll, AssemblyResolver.OnResolve: Microsoft.VisualStudio.TestPlatform.Fakes: Assembly path does not exist: 'C:\Program Files\dotnet\sdk\5.0.402\Extensions\Microsoft.VisualStudio.TestPlatform.Fakes.dll', returning.
TpTrace Information: 0 : 24692, 1, 2021/11/01, 09:50:51.057, 931577596777, vstest.console.dll, AssemblyResolver.OnResolve: Microsoft.VisualStudio.TestPlatform.Fakes: Assembly path does not exist: 'C:\Program Files\dotnet\sdk\5.0.402\Extensions\Microsoft.VisualStudio.TestPlatform.Fakes.exe', returning.
TpTrace Information: 0 : 24692, 1, 2021/11/01, 09:50:51.057, 931577597213, vstest.console.dll, AssemblyResolver.OnResolve: Microsoft.VisualStudio.TestPlatform.Fakes: Searching in: 'C:\Program Files\dotnet\sdk\5.0.402'.
TpTrace Information: 0 : 24692, 1, 2021/11/01, 09:50:51.057, 931577598047, vstest.console.dll, AssemblyResolver.OnResolve: Microsoft.VisualStudio.TestPlatform.Fakes: Assembly path does not exist: 'C:\Program Files\dotnet\sdk\5.0.402\Microsoft.VisualStudio.TestPlatform.Fakes.dll', returning.
TpTrace Information: 0 : 24692, 1, 2021/11/01, 09:50:51.057, 931577598746, vstest.console.dll, AssemblyResolver.OnResolve: Microsoft.VisualStudio.TestPlatform.Fakes: Assembly path does not exist: 'C:\Program Files\dotnet\sdk\5.0.402\Microsoft.VisualStudio.TestPlatform.Fakes.exe', returning.
TpTrace Information: 0 : 24692, 1, 2021/11/01, 09:50:51.058, 931577599111, vstest.console.dll, AssemblyResolver.OnResolve: Microsoft.VisualStudio.TestPlatform.Fakes: Failed to load assembly.
TpTrace Information: 0 : 24692, 1, 2021/11/01, 09:50:51.058, 931577602559, vstest.console.dll, Failed to create newly implemented Fakes Configurator. Reason:System.IO.FileNotFoundException: Could not load file or assembly 'Microsoft.VisualStudio.TestPlatform.Fakes, Version=16.0.0.0, Culture=neutral, PublicKeyToken=null'. El sistema no puede encontrar el archivo especificado.
File name: 'Microsoft.VisualStudio.TestPlatform.Fakes, Version=16.0.0.0, Culture=neutral, PublicKeyToken=null'
   at System.Reflection.RuntimeAssembly.InternalLoad(ObjectHandleOnStack assemblyName, ObjectHandleOnStack requestingAssembly, StackCrawlMarkHandle stackMark, Boolean throwOnFileNotFound, ObjectHandleOnStack assemblyLoadContext, ObjectHandleOnStack retAssembly)
   at System.Reflection.RuntimeAssembly.InternalLoad(AssemblyName assemblyName, RuntimeAssembly requestingAssembly, StackCrawlMark& stackMark, Boolean throwOnFileNotFound, AssemblyLoadContext assemblyLoadContext)
   at System.Reflection.Assembly.Load(AssemblyName assemblyRef)
   at Microsoft.VisualStudio.TestPlatform.Common.Utilities.FakesUtilities.TryGetFakesCrossPlatformDataCollectorConfigurator() 
TpTrace Verbose: 0 : 24692, 1, 2021/11/01, 09:50:51.061, 931577633049, vstest.console.dll, TestPluginCache.DiscoverTestExtensions: finding test extensions in assemblies ends with: TestLogger.dll TPluginInfo: Microsoft.VisualStudio.TestPlatform.Common.ExtensionFramework.Utilities.TestLoggerPluginInformation TExtension: Microsoft.VisualStudio.TestPlatform.ObjectModel.Client.ITestLogger
TpTrace Verbose: 0 : 24692, 1, 2021/11/01, 09:50:51.061, 931577634022, vstest.console.dll, TestPluginCache.GetExtensionPaths: Filtered extension paths: 
TpTrace Verbose: 0 : 24692, 1, 2021/11/01, 09:50:51.061, 931577634430, vstest.console.dll, TestPluginCache.GetExtensionPaths: Added default extension paths: C:\Program Files\dotnet\sdk\5.0.402\Extensions\Microsoft.Diagnostics.NETCore.Client.dll
C:\Program Files\dotnet\sdk\5.0.402\Extensions\Microsoft.TestPlatform.Extensions.BlameDataCollector.dll
C:\Program Files\dotnet\sdk\5.0.402\Extensions\Microsoft.TestPlatform.Extensions.EventLogCollector.dll
C:\Program Files\dotnet\sdk\5.0.402\Extensions\Microsoft.TestPlatform.TestHostRuntimeProvider.dll
C:\Program Files\dotnet\sdk\5.0.402\Extensions\Microsoft.VisualStudio.TestPlatform.Extensions.Html.TestLogger.dll
C:\Program Files\dotnet\sdk\5.0.402\Extensions\Microsoft.VisualStudio.TestPlatform.Extensions.Trx.TestLogger.dll
TpTrace Verbose: 0 : 24692, 1, 2021/11/01, 09:50:51.061, 931577634830, vstest.console.dll, TestPluginCache.GetExtensionPaths: Added unfilterableExtensionPaths: 
TpTrace Information: 0 : 24692, 1, 2021/11/01, 09:50:51.061, 931577636201, vstest.console.dll, AssemblyResolver.AddSearchDirectories: Adding more searchDirectories C:\Program Files\dotnet\sdk\5.0.402\Extensions,C:\Program Files\dotnet\sdk\5.0.402
TpTrace Verbose: 0 : 24692, 1, 2021/11/01, 09:50:51.061, 931577636699, vstest.console.dll, TestPluginCache.DiscoverTestExtensions: Discovering the extensions using extension path.
TpTrace Verbose: 0 : 24692, 1, 2021/11/01, 09:50:51.061, 931577637087, vstest.console.dll, TestPluginCache.GetExtensionPaths: Filtered extension paths: 
TpTrace Verbose: 0 : 24692, 1, 2021/11/01, 09:50:51.061, 931577637464, vstest.console.dll, TestPluginCache.GetExtensionPaths: Added default extension paths: C:\Program Files\dotnet\sdk\5.0.402\Extensions\Microsoft.Diagnostics.NETCore.Client.dll
C:\Program Files\dotnet\sdk\5.0.402\Extensions\Microsoft.TestPlatform.Extensions.BlameDataCollector.dll
C:\Program Files\dotnet\sdk\5.0.402\Extensions\Microsoft.TestPlatform.Extensions.EventLogCollector.dll
C:\Program Files\dotnet\sdk\5.0.402\Extensions\Microsoft.TestPlatform.TestHostRuntimeProvider.dll
C:\Program Files\dotnet\sdk\5.0.402\Extensions\Microsoft.VisualStudio.TestPlatform.Extensions.Html.TestLogger.dll
C:\Program Files\dotnet\sdk\5.0.402\Extensions\Microsoft.VisualStudio.TestPlatform.Extensions.Trx.TestLogger.dll
TpTrace Verbose: 0 : 24692, 1, 2021/11/01, 09:50:51.061, 931577637839, vstest.console.dll, TestPluginCache.GetExtensionPaths: Added unfilterableExtensionPaths: 
TpTrace Verbose: 0 : 24692, 1, 2021/11/01, 09:50:51.061, 931577638246, vstest.console.dll, TestPluginCache.DiscoverTestExtensions: Discovering the extensions using allExtensionPaths: C:\Program Files\dotnet\sdk\5.0.402\Extensions\Microsoft.Diagnostics.NETCore.Client.dll
C:\Program Files\dotnet\sdk\5.0.402\Extensions\Microsoft.TestPlatform.Extensions.BlameDataCollector.dll
C:\Program Files\dotnet\sdk\5.0.402\Extensions\Microsoft.TestPlatform.Extensions.EventLogCollector.dll
C:\Program Files\dotnet\sdk\5.0.402\Extensions\Microsoft.TestPlatform.TestHostRuntimeProvider.dll
C:\Program Files\dotnet\sdk\5.0.402\Extensions\Microsoft.VisualStudio.TestPlatform.Extensions.Html.TestLogger.dll
C:\Program Files\dotnet\sdk\5.0.402\Extensions\Microsoft.VisualStudio.TestPlatform.Extensions.Trx.TestLogger.dll
TpTrace Information: 0 : 24692, 1, 2021/11/01, 09:50:51.061, 931577638751, vstest.console.dll, AssemblyResolver.AddSearchDirectories: Adding more searchDirectories C:\Program Files\dotnet\sdk\5.0.402\Extensions,C:\Program Files\dotnet\sdk\5.0.402
TpTrace Information: 0 : 24692, 1, 2021/11/01, 09:50:51.062, 931577639134, vstest.console.dll, AssemblyResolver.AddSearchDirectories: Adding more searchDirectories C:\Program Files\dotnet\sdk\5.0.402\Extensions,C:\Program Files\dotnet\sdk\5.0.402
TpTrace Information: 0 : 24692, 1, 2021/11/01, 09:50:51.062, 931577639475, vstest.console.dll, AssemblyResolver.AddSearchDirectories: Adding more searchDirectories C:\Program Files\dotnet\sdk\5.0.402\Extensions,C:\Program Files\dotnet\sdk\5.0.402
TpTrace Information: 0 : 24692, 1, 2021/11/01, 09:50:51.062, 931577639813, vstest.console.dll, AssemblyResolver.AddSearchDirectories: Adding more searchDirectories C:\Program Files\dotnet\sdk\5.0.402\Extensions,C:\Program Files\dotnet\sdk\5.0.402
TpTrace Information: 0 : 24692, 1, 2021/11/01, 09:50:51.062, 931577640198, vstest.console.dll, AssemblyResolver.AddSearchDirectories: Adding more searchDirectories C:\Program Files\dotnet\sdk\5.0.402\Extensions,C:\Program Files\dotnet\sdk\5.0.402
TpTrace Information: 0 : 24692, 1, 2021/11/01, 09:50:51.062, 931577640536, vstest.console.dll, AssemblyResolver.AddSearchDirectories: Adding more searchDirectories C:\Program Files\dotnet\sdk\5.0.402\Extensions,C:\Program Files\dotnet\sdk\5.0.402
TpTrace Information: 0 : 24692, 1, 2021/11/01, 09:50:51.062, 931577642672, vstest.console.dll, AssemblyResolver.OnResolve: Microsoft.Bcl.AsyncInterfaces: Resolving assembly.
TpTrace Information: 0 : 24692, 1, 2021/11/01, 09:50:51.062, 931577643228, vstest.console.dll, AssemblyResolver.OnResolve: Microsoft.Bcl.AsyncInterfaces: Resolved from cache.
TpTrace Verbose: 0 : 24692, 1, 2021/11/01, 09:50:51.062, 931577643608, vstest.console.dll, CurrentDomainAssemblyResolve: Resolving assembly 'Microsoft.Bcl.AsyncInterfaces'.
TpTrace Information: 0 : 24692, 1, 2021/11/01, 09:50:51.062, 931577644142, vstest.console.dll, AssemblyResolver.OnResolve: Microsoft.Bcl.AsyncInterfaces: Resolving assembly.
TpTrace Information: 0 : 24692, 1, 2021/11/01, 09:50:51.062, 931577644512, vstest.console.dll, AssemblyResolver.OnResolve: Microsoft.Bcl.AsyncInterfaces: Resolved from cache.
TpTrace Verbose: 0 : 24692, 1, 2021/11/01, 09:50:51.062, 931577644877, vstest.console.dll, CurrentDomainAssemblyResolve: Resolving assembly 'Microsoft.Bcl.AsyncInterfaces'.
TpTrace Verbose: 0 : 24692, 1, 2021/11/01, 09:50:51.062, 931577645217, vstest.console.dll, CurrentDomainAssemblyResolve: Failed to resolve assembly 'Microsoft.Bcl.AsyncInterfaces'.
TpTrace Verbose: 0 : 24692, 1, 2021/11/01, 09:50:51.062, 931577646587, vstest.console.dll, CurrentDomainAssemblyResolve: Failed to resolve assembly 'Microsoft.Bcl.AsyncInterfaces'.
TpTrace Warning: 0 : 24692, 1, 2021/11/01, 09:50:51.062, 931577648860, vstest.console.dll, TestPluginDiscoverer: Failed to get types from assembly 'Microsoft.Diagnostics.NETCore.Client, Version=0.2.2.41902, Culture=neutral, PublicKeyToken=31bf3856ad364e35'.  Skipping test extension scan for this assembly.  Error: System.Reflection.ReflectionTypeLoadException: Unable to load one or more of the requested types.
Could not load file or assembly 'Microsoft.Bcl.AsyncInterfaces, Version=1.0.0.0, Culture=neutral, PublicKeyToken=cc7b13ffcd2ddd51'. El sistema no puede encontrar el archivo especificado.
   at System.Reflection.RuntimeModule.GetTypes(RuntimeModule module)
   at System.Reflection.RuntimeModule.GetTypes()
   at System.Reflection.Assembly.GetTypes()
   at Microsoft.VisualStudio.TestPlatform.Common.ExtensionFramework.TestPluginDiscoverer.GetTestExtensionsFromAssembly[TPluginInfo,TExtension](Assembly assembly, Dictionary`2 pluginInfos)
System.IO.FileNotFoundException: Could not load file or assembly 'Microsoft.Bcl.AsyncInterfaces, Version=1.0.0.0, Culture=neutral, PublicKeyToken=cc7b13ffcd2ddd51'. El sistema no puede encontrar el archivo especificado.
File name: 'Microsoft.Bcl.AsyncInterfaces, Version=1.0.0.0, Culture=neutral, PublicKeyToken=cc7b13ffcd2ddd51'
TpTrace Warning: 0 : 24692, 1, 2021/11/01, 09:50:51.063, 931577649408, vstest.console.dll, LoaderExceptions: System.IO.FileNotFoundException: Could not load file or assembly 'Microsoft.Bcl.AsyncInterfaces, Version=1.0.0.0, Culture=neutral, PublicKeyToken=cc7b13ffcd2ddd51'. El sistema no puede encontrar el archivo especificado.
File name: 'Microsoft.Bcl.AsyncInterfaces, Version=1.0.0.0, Culture=neutral, PublicKeyToken=cc7b13ffcd2ddd51'
TpTrace Verbose: 0 : 24692, 1, 2021/11/01, 09:50:51.063, 931577652323, vstest.console.dll, TestPluginCache: Discovered the extensions using extension path ''.
TpTrace Verbose: 0 : 24692, 1, 2021/11/01, 09:50:51.063, 931577652797, vstest.console.dll, TestPluginCache: Discoverers are ''.
TpTrace Verbose: 0 : 24692, 1, 2021/11/01, 09:50:51.063, 931577653149, vstest.console.dll, TestPluginCache: Executors are ''.
TpTrace Verbose: 0 : 24692, 1, 2021/11/01, 09:50:51.063, 931577653460, vstest.console.dll, TestPluginCache: Executors2 are ''.
TpTrace Verbose: 0 : 24692, 1, 2021/11/01, 09:50:51.063, 931577653754, vstest.console.dll, TestPluginCache: Setting providers are ''.
TpTrace Verbose: 0 : 24692, 1, 2021/11/01, 09:50:51.063, 931577654362, vstest.console.dll, TestPluginCache: Loggers are 'logger://Microsoft/TestPlatform/Extensions/Blame/v1,logger://Microsoft/TestPlatform/HtmlLogger/v1,logger://Microsoft/TestPlatform/TrxLogger/v1'.
TpTrace Information: 0 : 24692, 1, 2021/11/01, 09:50:51.064, 931577659517, vstest.console.dll, TestPluginManager.CreateTestExtension: Attempting to load test extension: Microsoft.TestPlatform.Extensions.BlameDataCollector.BlameLogger
TpTrace Information: 0 : 24692, 1, 2021/11/01, 09:50:51.070, 931577726311, vstest.console.dll, TestPluginManager.CreateTestExtension: Attempting to load test extension: Microsoft.VisualStudio.TestPlatform.CrossPlatEngine.Hosting.DefaultTestHostManager
TpTrace Information: 0 : 24692, 1, 2021/11/01, 09:50:51.070, 931577728781, vstest.console.dll, TestPluginManager.CreateTestExtension: Attempting to load test extension: Microsoft.VisualStudio.TestPlatform.CrossPlatEngine.Hosting.DotnetTestHostManager
TpTrace Verbose: 0 : 24692, 1, 2021/11/01, 09:50:51.071, 931577732998, vstest.console.dll, TestEngine: Initializing Parallel Execution as MaxCpuCount is set to: 1
TpTrace Information: 0 : 24692, 1, 2021/11/01, 09:50:51.071, 931577737524, vstest.console.dll, InferRunSettingsHelper.IsTestSettingsEnabled: Unable to navigate to RunSettings/MSTest. Current node: RunSettings
TpTrace Verbose: 0 : 24692, 1, 2021/11/01, 09:50:51.108, 931578103945, vstest.console.dll, TestRequestSender is acting as server
TpTrace Verbose: 0 : 24692, 4, 2021/11/01, 09:50:51.111, 931578129122, vstest.console.dll, DataCollectionRequestSender.InitializeCommunication : Initialize communication. 
TpTrace Information: 0 : 24692, 4, 2021/11/01, 09:50:51.119, 931578212177, vstest.console.dll, Listening on Endpoint : 127.0.0.1:59193
TpTrace Verbose: 0 : 24692, 4, 2021/11/01, 09:50:51.127, 931578295609, vstest.console.dll, DotnetDataCollectionLauncher: Full path of dotnet.exe is C:\Program Files\dotnet\dotnet.exe
TpTrace Verbose: 0 : 24692, 4, 2021/11/01, 09:50:51.127, 931578297304, vstest.console.dll, DotnetDataCollectionLauncher: Adding  --runtimeconfig "C:\Program Files\dotnet\sdk\5.0.402\datacollector.runtimeconfig.json" in args
TpTrace Verbose: 0 : 24692, 4, 2021/11/01, 09:50:51.127, 931578298296, vstest.console.dll, DotnetDataCollectionLauncher: Adding  --depsfile "C:\Program Files\dotnet\sdk\5.0.402\datacollector.deps.json" in args
TpTrace Information: 0 : 24692, 4, 2021/11/01, 09:50:51.134, 931578360994, vstest.console.dll, ProxyDataCollectionManager.Initialize: Launched datacollector processId: 2688 port: 59193
TpTrace Information: 0 : 24692, 4, 2021/11/01, 09:50:51.134, 931578362346, vstest.console.dll, ProxyDataCollectionManager.Initialize: waiting for connection with timeout: 90 seconds
TpTrace Verbose: 0 : 24692, 4, 2021/11/01, 09:50:51.134, 931578362920, vstest.console.dll, DataCollectionRequestSender.WaitForRequestHandlerConnection : Waiting for connection with timeout: 90000
TpTrace Information: 0 : 24692, 7, 2021/11/01, 09:50:51.311, 931580135359, vstest.console.dll, Using the buffer size of 16384 bytes
TpTrace Verbose: 0 : 24692, 4, 2021/11/01, 09:50:51.311, 931580136135, vstest.console.dll, ProxyDataCollectionManager.InvokeDataCollectionServiceAction: Starting.
TpTrace Information: 0 : 24692, 7, 2021/11/01, 09:50:51.311, 931580136397, vstest.console.dll, Accepted Client request and set the flag
TpTrace Information: 0 : 24692, 4, 2021/11/01, 09:50:51.311, 931580137293, vstest.console.dll, ProxyDataCollectionManager.BeforeTestRunStart: Get environment variable and port for datacollector processId: 2688 port: 59193
TpTrace Verbose: 0 : 24692, 4, 2021/11/01, 09:50:51.312, 931580139195, vstest.console.dll, DataCollectionRequestSender.SendBeforeTestRunStartAndGetResult : Send BeforeTestRunStart message with settingsXml <RunSettings><RunConfiguration><ResultsDirectory>C:\Users\aitor\Downloads\ValidateIdAPI\ValidateIdAPI.Tests\bin\Debug\net5.0\fine-code-coverage\coverage-tool-output</ResultsDirectory><TargetPlatform>X64</TargetPlatform><TargetFrameworkVersion>.NETCoreApp,Version=v5.0</TargetFrameworkVersion><DesignMode>False</DesignMode><CollectSourceInformation>False</CollectSourceInformation><TestAdaptersPaths>C:\Program Files\dotnet\sdk\5.0.402\Extensions</TestAdaptersPaths></RunConfiguration><LoggerRunSettings><Loggers><Logger friendlyName="blame" enabled="True" /><Logger friendlyName="Console" uri="logger://microsoft/TestPlatform/ConsoleLogger/v1" assemblyQualifiedName="Microsoft.VisualStudio.TestPlatform.CommandLine.Internal.ConsoleLogger, vstest.console, Version=15.0.0.0, Culture=neutral, PublicKeyToken=b03f5f7f11d50a3a" codeBase="C:\Program Files\dotnet\sdk\5.0.402\vstest.console.dll" enabled="True" /></Loggers></LoggerRunSettings><DataCollectionRunSettings><DataCollectors><DataCollector friendlyName="blame" enabled="True"><Configuration><ResultsDirectory>C:\Users\aitor\Downloads\ValidateIdAPI\ValidateIdAPI.Tests\bin\Debug\net5.0\fine-code-coverage\coverage-tool-output</ResultsDirectory></Configuration></DataCollector></DataCollectors></DataCollectionRunSettings></RunSettings> and sources System.Linq.Enumerable+Concat2Iterator`1[System.String]: 
TpTrace Verbose: 0 : 24692, 4, 2021/11/01, 09:50:51.365, 931580673212, vstest.console.dll, DataCollectionRequestSender.SendBeforeTestRunStartAndGetResult : Received message: (DataCollection.SendMessage) -> {
  "FriendlyName": null,
  "Uri": null,
  "TestCaseId": "00000000-0000-0000-0000-000000000000",
  "Message": "Logging DataCollector Diagnostics in file: C:\\Users\\aitor\\Downloads\\ValidateIdAPI\\ValidateIdAPI.Tests\\bin\\Debug\\net5.0\\fine-code-coverage\\coverage-tool-output\\diagnostics.datacollector.21-11-01_09-50-51_12391_4.log",
  "Level": 0
}
TpTrace Information: 0 : 24692, 4, 2021/11/01, 09:50:51.370, 931580721027, vstest.console.dll, AssemblyResolver.OnResolve: Microsoft.VisualStudio.TestPlatform.Common.resources: Resolving assembly.
TpTrace Information: 0 : 24692, 4, 2021/11/01, 09:50:51.370, 931580722014, vstest.console.dll, AssemblyResolver.OnResolve: Microsoft.VisualStudio.TestPlatform.Common.resources: Searching in: 'C:\Program Files\dotnet\sdk\5.0.402\Extensions'.
TpTrace Information: 0 : 24692, 4, 2021/11/01, 09:50:51.370, 931580722869, vstest.console.dll, AssemblyResolver.OnResolve: Microsoft.VisualStudio.TestPlatform.Common.resources: Assembly path does not exist: 'C:\Program Files\dotnet\sdk\5.0.402\Extensions\Microsoft.VisualStudio.TestPlatform.Common.resources.dll', returning.
TpTrace Information: 0 : 24692, 4, 2021/11/01, 09:50:51.370, 931580723666, vstest.console.dll, AssemblyResolver.OnResolve: Microsoft.VisualStudio.TestPlatform.Common.resources: Assembly path does not exist: 'C:\Program Files\dotnet\sdk\5.0.402\Extensions\Microsoft.VisualStudio.TestPlatform.Common.resources.exe', returning.
TpTrace Information: 0 : 24692, 4, 2021/11/01, 09:50:51.370, 931580724067, vstest.console.dll, AssemblyResolver.OnResolve: Microsoft.VisualStudio.TestPlatform.Common.resources: Searching in: 'C:\Program Files\dotnet\sdk\5.0.402'.
TpTrace Information: 0 : 24692, 4, 2021/11/01, 09:50:51.370, 931580724726, vstest.console.dll, AssemblyResolver.OnResolve: Microsoft.VisualStudio.TestPlatform.Common.resources: Assembly path does not exist: 'C:\Program Files\dotnet\sdk\5.0.402\Microsoft.VisualStudio.TestPlatform.Common.resources.dll', returning.
TpTrace Information: 0 : 24692, 4, 2021/11/01, 09:50:51.370, 931580725500, vstest.console.dll, AssemblyResolver.OnResolve: Microsoft.VisualStudio.TestPlatform.Common.resources: Assembly path does not exist: 'C:\Program Files\dotnet\sdk\5.0.402\Microsoft.VisualStudio.TestPlatform.Common.resources.exe', returning.
TpTrace Information: 0 : 24692, 4, 2021/11/01, 09:50:51.370, 931580725900, vstest.console.dll, AssemblyResolver.OnResolve: Microsoft.VisualStudio.TestPlatform.Common.resources: Failed to load assembly.
TpTrace Verbose: 0 : 24692, 4, 2021/11/01, 09:50:51.420, 931581227800, vstest.console.dll, DataCollectionRequestSender.SendBeforeTestRunStartAndGetResult : Received message: (DataCollection.BeforeTestRunStartResult) -> {
  "EnvironmentVariables": {},
  "DataCollectionEventsPort": 59195
}
TpTrace Information: 0 : 24692, 4, 2021/11/01, 09:50:51.423, 931581257755, vstest.console.dll, ProxyDataCollectionManager.BeforeTestRunStart: SendBeforeTestRunStartAndGetResult successful, env variable from datacollector:   and testhost port: 59195
TpTrace Information: 0 : 24692, 4, 2021/11/01, 09:50:51.423, 931581258699, vstest.console.dll, ProxyDataCollectionManager.InvokeDataCollectionServiceAction: Completed.
TpTrace Verbose: 0 : 24692, 1, 2021/11/01, 09:50:51.424, 931581260125, vstest.console.dll, TestRunRequest.ExecuteAsync: Creating test run request.
TpTrace Verbose: 0 : 24692, 1, 2021/11/01, 09:50:51.424, 931581262447, vstest.console.dll, TestRunRequest.ExecuteAsync: Starting.
TpTrace Information: 0 : 24692, 1, 2021/11/01, 09:50:51.424, 931581264673, vstest.console.dll, TestRunRequest.ExecuteAsync: Starting run with settings:TestRunCriteria:
   KeepAlive=False,FrequencyOfRunStatsChangeEvent=10,RunStatsChangeEventTimeout=00:00:01.5000000,TestCaseFilter=,TestExecutorLauncher=
   Settingsxml=<RunSettings>
  <RunConfiguration>
    <ResultsDirectory>C:\Users\aitor\Downloads\ValidateIdAPI\ValidateIdAPI.Tests\bin\Debug\net5.0\fine-code-coverage\coverage-tool-output</ResultsDirectory>
    <TargetPlatform>X64</TargetPlatform>
    <TargetFrameworkVersion>.NETCoreApp,Version=v5.0</TargetFrameworkVersion>
    <DesignMode>False</DesignMode>
    <CollectSourceInformation>False</CollectSourceInformation>
  </RunConfiguration>
  <LoggerRunSettings>
    <Loggers>
      <Logger friendlyName="blame" enabled="True" />
      <Logger friendlyName="Console" uri="logger://microsoft/TestPlatform/ConsoleLogger/v1" assemblyQualifiedName="Microsoft.VisualStudio.TestPlatform.CommandLine.Internal.ConsoleLogger, vstest.console, Version=15.0.0.0, Culture=neutral, PublicKeyToken=b03f5f7f11d50a3a" codeBase="C:\Program Files\dotnet\sdk\5.0.402\vstest.console.dll" enabled="True" />
    </Loggers>
  </LoggerRunSettings>
  <DataCollectionRunSettings>
    <DataCollectors>
      <DataCollector friendlyName="blame" enabled="True">
        <Configuration>
          <ResultsDirectory>C:\Users\aitor\Downloads\ValidateIdAPI\ValidateIdAPI.Tests\bin\Debug\net5.0\fine-code-coverage\coverage-tool-output</ResultsDirectory>
        </Configuration>
      </DataCollector>
    </DataCollectors>
  </DataCollectionRunSettings>
</RunSettings>

TpTrace Verbose: 0 : 24692, 1, 2021/11/01, 09:50:51.424, 931581265286, vstest.console.dll, TestRunRequest.ExecuteAsync: Wait for the first run request is over.
TpTrace Verbose: 0 : 24692, 1, 2021/11/01, 09:50:51.424, 931581268686, vstest.console.dll, ParallelProxyExecutionManager: Start execution. Total sources: 1
TpTrace Information: 0 : 24692, 1, 2021/11/01, 09:50:51.425, 931581273137, vstest.console.dll, ProxyParallelExecutionManager: Triggering test run for next source: C:\Users\aitor\Downloads\ValidateIdAPI\ValidateIdAPI.Tests\bin\Debug\net5.0\fine-code-coverage\build-output\ValidateIdAPI.Tests.dll
TpTrace Verbose: 0 : 24692, 1, 2021/11/01, 09:50:51.425, 931581274720, vstest.console.dll, ProxyParallelExecutionManager: No sources available for execution.
TpTrace Information: 0 : 24692, 1, 2021/11/01, 09:50:51.425, 931581275264, vstest.console.dll, TestRunRequest.ExecuteAsync: Started.
TpTrace Verbose: 0 : 24692, 4, 2021/11/01, 09:50:51.425, 931581274712, vstest.console.dll, ParallelProxyExecutionManager: Execution started. Started clients: 1
TpTrace Verbose: 0 : 24692, 1, 2021/11/01, 09:50:51.425, 931581275882, vstest.console.dll, TestRunRequest.WaitForCompletion: Waiting with timeout -1.
TpTrace Verbose: 0 : 24692, 4, 2021/11/01, 09:50:51.425, 931581278108, vstest.console.dll, TestRunRequest:SendTestRunMessage: Starting.
TpTrace Information: 0 : 24692, 4, 2021/11/01, 09:50:51.426, 931581279095, vstest.console.dll, TestRunRequest:SendTestRunMessage: Completed.
TpTrace Verbose: 0 : 24692, 4, 2021/11/01, 09:50:51.426, 931581280809, vstest.console.dll, ProxyExecutionManager: Test host is always Lazy initialize.
TpTrace Verbose: 0 : 24692, 4, 2021/11/01, 09:50:51.426, 931581282809, vstest.console.dll, TestRequestSender.InitializeCommunication: initialize communication. 
TpTrace Information: 0 : 24692, 4, 2021/11/01, 09:50:51.426, 931581287413, vstest.console.dll, SocketServer.Start: Listening on endpoint : 127.0.0.1:59196
TpTrace Verbose: 0 : 24692, 4, 2021/11/01, 09:50:51.427, 931581293376, vstest.console.dll, DotnetTestHostmanager: Adding  --runtimeconfig "C:\Users\aitor\Downloads\ValidateIdAPI\ValidateIdAPI.Tests\bin\Debug\net5.0\fine-code-coverage\build-output\ValidateIdAPI.Tests.runtimeconfig.json" in args
TpTrace Verbose: 0 : 24692, 4, 2021/11/01, 09:50:51.427, 931581294442, vstest.console.dll, DotnetTestHostmanager: Adding  --depsfile "C:\Users\aitor\Downloads\ValidateIdAPI\ValidateIdAPI.Tests\bin\Debug\net5.0\fine-code-coverage\build-output\ValidateIdAPI.Tests.deps.json" in args
TpTrace Verbose: 0 : 24692, 4, 2021/11/01, 09:50:51.427, 931581296219, vstest.console.dll, DotnetTestHostManager: Testhost.exe/testhost.x86.exe found at path: C:\Users\aitor\Downloads\ValidateIdAPI\ValidateIdAPI.Tests\bin\Debug\net5.0\fine-code-coverage\build-output\testhost.exe
TpTrace Verbose: 0 : 24692, 4, 2021/11/01, 09:50:51.427, 931581296769, vstest.console.dll, DotnetTestHostmanager: Full path of host exe is C:\Users\aitor\Downloads\ValidateIdAPI\ValidateIdAPI.Tests\bin\Debug\net5.0\fine-code-coverage\build-output\testhost.exe
TpTrace Verbose: 0 : 24692, 6, 2021/11/01, 09:50:51.428, 931581304394, vstest.console.dll, DotnetTestHostManager: Starting process 'C:\Users\aitor\Downloads\ValidateIdAPI\ValidateIdAPI.Tests\bin\Debug\net5.0\fine-code-coverage\build-output\testhost.exe' with command line ' --runtimeconfig "C:\Users\aitor\Downloads\ValidateIdAPI\ValidateIdAPI.Tests\bin\Debug\net5.0\fine-code-coverage\build-output\ValidateIdAPI.Tests.runtimeconfig.json" --depsfile "C:\Users\aitor\Downloads\ValidateIdAPI\ValidateIdAPI.Tests\bin\Debug\net5.0\fine-code-coverage\build-output\ValidateIdAPI.Tests.deps.json" --port 59196 --endpoint 127.0.0.1:059196 --role client --parentprocessid 24692 --diag "C:\Users\aitor\Downloads\ValidateIdAPI\ValidateIdAPI.Tests\bin\Debug\net5.0\fine-code-coverage\coverage-tool-output\diagnostics.host.21-11-01_09-50-51_42709_4.log" --tracelevel 4 --datacollectionport 59195 --telemetryoptedin false'
TpTrace Verbose: 0 : 24692, 6, 2021/11/01, 09:50:51.494, 931581960563, vstest.console.dll, Test Runtime launched
TpTrace Verbose: 0 : 24692, 4, 2021/11/01, 09:50:51.495, 931581973793, vstest.console.dll, TestRequestSender.WaitForRequestHandlerConnection: waiting for connection with timeout: 90000
TpTrace Verbose: 0 : 24692, 13, 2021/11/01, 09:50:51.721, 931584233066, vstest.console.dll, SocketServer.OnClientConnected: Client connected for endPoint: 127.0.0.1:59196, starting MessageLoopAsync:
TpTrace Verbose: 0 : 24692, 13, 2021/11/01, 09:50:51.721, 931584235737, vstest.console.dll, TcpClientExtensions.MessageLoopAsync: Polling on remoteEndPoint: 127.0.0.1:59197 localEndPoint: 127.0.0.1:59196
TpTrace Verbose: 0 : 24692, 13, 2021/11/01, 09:50:51.839, 931585418951, vstest.console.dll, TcpClientExtensions.MessageLoopAsync: NotifyDataAvailable remoteEndPoint: 127.0.0.1:59197 localEndPoint: 127.0.0.1:59196
TpTrace Verbose: 0 : 24692, 13, 2021/11/01, 09:50:51.840, 931585421141, vstest.console.dll, TestRequestSender.CheckVersionWithTestHost: onMessageReceived received message: (ProtocolVersion) -> 5
TpTrace Verbose: 0 : 24692, 13, 2021/11/01, 09:50:51.840, 931585424247, vstest.console.dll, TcpClientExtensions.MessageLoopAsync: Polling on remoteEndPoint: 127.0.0.1:59197 localEndPoint: 127.0.0.1:59196
TpTrace Verbose: 0 : 24692, 4, 2021/11/01, 09:50:51.840, 931585424981, vstest.console.dll, TestPluginCache.GetExtensionPaths: Filtered extension paths: 
TpTrace Verbose: 0 : 24692, 4, 2021/11/01, 09:50:51.840, 931585425710, vstest.console.dll, TestPluginCache.GetExtensionPaths: Added default extension paths: C:\Program Files\dotnet\sdk\5.0.402\Extensions\Microsoft.Diagnostics.NETCore.Client.dll
C:\Program Files\dotnet\sdk\5.0.402\Extensions\Microsoft.TestPlatform.Extensions.BlameDataCollector.dll
C:\Program Files\dotnet\sdk\5.0.402\Extensions\Microsoft.TestPlatform.Extensions.EventLogCollector.dll
C:\Program Files\dotnet\sdk\5.0.402\Extensions\Microsoft.TestPlatform.TestHostRuntimeProvider.dll
C:\Program Files\dotnet\sdk\5.0.402\Extensions\Microsoft.VisualStudio.TestPlatform.Extensions.Html.TestLogger.dll
C:\Program Files\dotnet\sdk\5.0.402\Extensions\Microsoft.VisualStudio.TestPlatform.Extensions.Trx.TestLogger.dll
TpTrace Verbose: 0 : 24692, 4, 2021/11/01, 09:50:51.840, 931585426102, vstest.console.dll, TestPluginCache.GetExtensionPaths: Added unfilterableExtensionPaths: 
TpTrace Verbose: 0 : 24692, 4, 2021/11/01, 09:50:51.843, 931585452863, vstest.console.dll, TestRequestSender.InitializeExecution: Sending initializing execution with message: {"Version":5,"MessageType":"TestExecution.Initialize","Payload":["C:\\Users\\aitor\\Downloads\\ValidateIdAPI\\ValidateIdAPI.Tests\\bin\\Debug\\net5.0\\fine-code-coverage\\build-output\\NUnit3.TestAdapter.dll"]}
TpTrace Verbose: 0 : 24692, 4, 2021/11/01, 09:50:51.849, 931585510504, vstest.console.dll, TestRequestSender.StartTestRun: Sending test run with message: {"Version":5,"MessageType":"TestExecution.StartWithSources","Payload":{"AdapterSourceMap":{"_none_":["C:\\Users\\aitor\\Downloads\\ValidateIdAPI\\ValidateIdAPI.Tests\\bin\\Debug\\net5.0\\fine-code-coverage\\build-output\\ValidateIdAPI.Tests.dll"]},"RunSettings":"<RunSettings>\r\n  <RunConfiguration>\r\n    <ResultsDirectory>C:\\Users\\aitor\\Downloads\\ValidateIdAPI\\ValidateIdAPI.Tests\\bin\\Debug\\net5.0\\fine-code-coverage\\coverage-tool-output</ResultsDirectory>\r\n    <TargetPlatform>X64</TargetPlatform>\r\n    <TargetFrameworkVersion>.NETCoreApp,Version=v5.0</TargetFrameworkVersion>\r\n    <DesignMode>False</DesignMode>\r\n    <CollectSourceInformation>False</CollectSourceInformation>\r\n  </RunConfiguration>\r\n  <LoggerRunSettings>\r\n    <Loggers>\r\n      <Logger friendlyName=\"blame\" enabled=\"True\" />\r\n      <Logger friendlyName=\"Console\" uri=\"logger://microsoft/TestPlatform/ConsoleLogger/v1\" assemblyQualifiedName=\"Microsoft.VisualStudio.TestPlatform.CommandLine.Internal.ConsoleLogger, vstest.console, Version=15.0.0.0, Culture=neutral, PublicKeyToken=b03f5f7f11d50a3a\" codeBase=\"C:\\Program Files\\dotnet\\sdk\\5.0.402\\vstest.console.dll\" enabled=\"True\" />\r\n    </Loggers>\r\n  </LoggerRunSettings>\r\n  <DataCollectionRunSettings>\r\n    <DataCollectors>\r\n      <DataCollector friendlyName=\"blame\" enabled=\"True\">\r\n        <Configuration>\r\n          <ResultsDirectory>C:\\Users\\aitor\\Downloads\\ValidateIdAPI\\ValidateIdAPI.Tests\\bin\\Debug\\net5.0\\fine-code-coverage\\coverage-tool-output</ResultsDirectory>\r\n        </Configuration>\r\n      </DataCollector>\r\n    </DataCollectors>\r\n  </DataCollectionRunSettings>\r\n</RunSettings>","TestExecutionContext":{"FrequencyOfRunStatsChangeEvent":10,"RunStatsChangeEventTimeout":"00:00:01.5000000","InIsolation":false,"KeepAlive":false,"AreTestCaseLevelEventsRequired":false,"IsDebug":false,"TestCaseFilter":null,"FilterOptions":null},"Package":null}}
TpTrace Verbose: 0 : 24692, 13, 2021/11/01, 09:50:51.850, 931585522927, vstest.console.dll, TcpClientExtensions.MessageLoopAsync: NotifyDataAvailable remoteEndPoint: 127.0.0.1:59197 localEndPoint: 127.0.0.1:59196
TpTrace Verbose: 0 : 24692, 13, 2021/11/01, 09:50:51.850, 931585524017, vstest.console.dll, TestRequestSender.OnExecutionMessageReceived: Received message: {"Version":5,"MessageType":"TestSession.Message","Payload":{"MessageLevel":0,"Message":"Registrando diagnstico de TestHost en el archivo: C:\\Users\\aitor\\Downloads\\ValidateIdAPI\\ValidateIdAPI.Tests\\bin\\Debug\\net5.0\\fine-code-coverage\\coverage-tool-output\\diagnostics.host.21-11-01_09-50-51_42709_4.log"}}
TpTrace Verbose: 0 : 24692, 13, 2021/11/01, 09:50:51.851, 931585538438, vstest.console.dll, TestRunRequest:SendTestRunMessage: Starting.
TpTrace Information: 0 : 24692, 13, 2021/11/01, 09:50:51.852, 931585539343, vstest.console.dll, TestRunRequest:SendTestRunMessage: Completed.
TpTrace Verbose: 0 : 24692, 13, 2021/11/01, 09:50:51.852, 931585539724, vstest.console.dll, TcpClientExtensions.MessageLoopAsync: Polling on remoteEndPoint: 127.0.0.1:59197 localEndPoint: 127.0.0.1:59196
TpTrace Verbose: 0 : 24692, 13, 2021/11/01, 09:50:51.969, 931586715561, vstest.console.dll, TcpClientExtensions.MessageLoopAsync: NotifyDataAvailable remoteEndPoint: 127.0.0.1:59197 localEndPoint: 127.0.0.1:59196
TpTrace Verbose: 0 : 24692, 13, 2021/11/01, 09:50:51.969, 931586716684, vstest.console.dll, TestRequestSender.OnExecutionMessageReceived: Received message: {"Version":5,"MessageType":"TestSession.Message","Payload":{"MessageLevel":0,"Message":"NUnit Adapter 3.17.0.0: Test execution started"}}
TpTrace Verbose: 0 : 24692, 13, 2021/11/01, 09:50:51.969, 931586718653, vstest.console.dll, TestRunRequest:SendTestRunMessage: Starting.
TpTrace Information: 0 : 24692, 13, 2021/11/01, 09:50:51.970, 931586719222, vstest.console.dll, TestRunRequest:SendTestRunMessage: Completed.
TpTrace Verbose: 0 : 24692, 13, 2021/11/01, 09:50:51.970, 931586719627, vstest.console.dll, TcpClientExtensions.MessageLoopAsync: Polling on remoteEndPoint: 127.0.0.1:59197 localEndPoint: 127.0.0.1:59196
TpTrace Verbose: 0 : 24692, 13, 2021/11/01, 09:50:51.993, 931586956817, vstest.console.dll, TcpClientExtensions.MessageLoopAsync: NotifyDataAvailable remoteEndPoint: 127.0.0.1:59197 localEndPoint: 127.0.0.1:59196
TpTrace Verbose: 0 : 24692, 13, 2021/11/01, 09:50:51.993, 931586958061, vstest.console.dll, TestRequestSender.OnExecutionMessageReceived: Received message: {"Version":5,"MessageType":"TestSession.Message","Payload":{"MessageLevel":0,"Message":"Running all tests in C:\\Users\\aitor\\Downloads\\ValidateIdAPI\\ValidateIdAPI.Tests\\bin\\Debug\\net5.0\\fine-code-coverage\\build-output\\ValidateIdAPI.Tests.dll"}}
TpTrace Verbose: 0 : 24692, 13, 2021/11/01, 09:50:51.994, 931586959682, vstest.console.dll, TestRunRequest:SendTestRunMessage: Starting.
TpTrace Information: 0 : 24692, 13, 2021/11/01, 09:50:51.994, 931586960234, vstest.console.dll, TestRunRequest:SendTestRunMessage: Completed.
TpTrace Verbose: 0 : 24692, 13, 2021/11/01, 09:50:51.994, 931586960583, vstest.console.dll, TcpClientExtensions.MessageLoopAsync: Polling on remoteEndPoint: 127.0.0.1:59197 localEndPoint: 127.0.0.1:59196
TpTrace Verbose: 0 : 24692, 13, 2021/11/01, 09:50:52.140, 931588427954, vstest.console.dll, TcpClientExtensions.MessageLoopAsync: NotifyDataAvailable remoteEndPoint: 127.0.0.1:59197 localEndPoint: 127.0.0.1:59196
TpTrace Verbose: 0 : 24692, 13, 2021/11/01, 09:50:52.141, 931588429118, vstest.console.dll, TestRequestSender.OnExecutionMessageReceived: Received message: {"Version":5,"MessageType":"TestSession.Message","Payload":{"MessageLevel":0,"Message":"   NUnit3TestExecutor discovered 2 of 2 NUnit test cases"}}
TpTrace Verbose: 0 : 24692, 13, 2021/11/01, 09:50:52.141, 931588430651, vstest.console.dll, TestRunRequest:SendTestRunMessage: Starting.
TpTrace Information: 0 : 24692, 13, 2021/11/01, 09:50:52.141, 931588431232, vstest.console.dll, TestRunRequest:SendTestRunMessage: Completed.
TpTrace Verbose: 0 : 24692, 13, 2021/11/01, 09:50:52.141, 931588431651, vstest.console.dll, TcpClientExtensions.MessageLoopAsync: Polling on remoteEndPoint: 127.0.0.1:59197 localEndPoint: 127.0.0.1:59196
TpTrace Verbose: 0 : 24692, 13, 2021/11/01, 09:50:52.368, 931590702026, vstest.console.dll, TcpClientExtensions.MessageLoopAsync: NotifyDataAvailable remoteEndPoint: 127.0.0.1:59197 localEndPoint: 127.0.0.1:59196
TpTrace Verbose: 0 : 24692, 13, 2021/11/01, 09:50:52.368, 931590703073, vstest.console.dll, TestRequestSender.OnExecutionMessageReceived: Received message: {"Version":5,"MessageType":"TestSession.Message","Payload":{"MessageLevel":0,"Message":"NUnit Adapter 3.17.0.0: Test execution complete"}}
TpTrace Verbose: 0 : 24692, 13, 2021/11/01, 09:50:52.368, 931590705030, vstest.console.dll, TestRunRequest:SendTestRunMessage: Starting.
TpTrace Information: 0 : 24692, 13, 2021/11/01, 09:50:52.368, 931590705825, vstest.console.dll, TestRunRequest:SendTestRunMessage: Completed.
TpTrace Verbose: 0 : 24692, 13, 2021/11/01, 09:50:52.368, 931590706159, vstest.console.dll, TcpClientExtensions.MessageLoopAsync: Polling on remoteEndPoint: 127.0.0.1:59197 localEndPoint: 127.0.0.1:59196
TpTrace Verbose: 0 : 24692, 13, 2021/11/01, 09:50:52.401, 931591034779, vstest.console.dll, TcpClientExtensions.MessageLoopAsync: NotifyDataAvailable remoteEndPoint: 127.0.0.1:59197 localEndPoint: 127.0.0.1:59196
TpTrace Verbose: 0 : 24692, 13, 2021/11/01, 09:50:52.401, 931591036930, vstest.console.dll, TestRequestSender.OnExecutionMessageReceived: Received message: {"Version":5,"MessageType":"TestExecution.Completed","Payload":{"TestRunCompleteArgs":{"TestRunStatistics":{"ExecutedTests":2,"Stats":{"Passed":2}},"IsCanceled":false,"IsAborted":false,"Error":null,"AttachmentSets":[],"ElapsedTimeInRunningTests":"00:00:00.4145768","Metrics":{}},"LastRunTests":{"NewTestResults":[{"TestCase":{"Id":"76af518e-69a4-0761-9145-dbd805ce0511","FullyQualifiedName":"ValidateId.Tests.UnitTests.AddShoppingBasket_ToUser_Test","DisplayName":"AddShoppingBasket_ToUser_Test","ExecutorUri":"executor://NUnit3TestExecutor","Source":"C:\\Users\\aitor\\Downloads\\ValidateIdAPI\\ValidateIdAPI.Tests\\bin\\Debug\\net5.0\\fine-code-coverage\\build-output\\ValidateIdAPI.Tests.dll","CodeFilePath":null,"LineNumber":0,"Properties":[]},"Attachments":[],"Outcome":1,"ErrorMessage":null,"ErrorStackTrace":null,"DisplayName":"AddShoppingBasket_ToUser_Test","Messages":[],"ComputerName":"DESKTOP-L1JPBBO","Duration":"00:00:00.1754770","StartTime":"2021-11-01T08:50:52.1649137+00:00","EndTime":"2021-11-01T08:50:52.3403158+00:00","Properties":[]},{"TestCase":{"Id":"24ca7aad-97ec-5709-461c-5edb1ec083f0","FullyQualifiedName":"ValidateId.Tests.UnitTests.GetProducts_Test","DisplayName":"GetProducts_Test","ExecutorUri":"executor://NUnit3TestExecutor","Source":"C:\\Users\\aitor\\Downloads\\ValidateIdAPI\\ValidateIdAPI.Tests\\bin\\Debug\\net5.0\\fine-code-coverage\\build-output\\ValidateIdAPI.Tests.dll","CodeFilePath":null,"LineNumber":0,"Properties":[]},"Attachments":[],"Outcome":1,"ErrorMessage":null,"ErrorStackTrace":null,"DisplayName":"GetProducts_Test","Messages":[],"ComputerName":"DESKTOP-L1JPBBO","Duration":"00:00:00.0030980","StartTime":"2021-11-01T08:50:52.3419084+00:00","EndTime":"2021-11-01T08:50:52.3450074+00:00","Properties":[]}],"TestRunStatistics":{"ExecutedTests":2,"Stats":{"Passed":2}},"ActiveTests":[]},"RunAttachments":[],"ExecutorUris":["executor://nunit3testexecutor/"]}}
TpTrace Verbose: 0 : 24692, 13, 2021/11/01, 09:50:52.402, 931591040661, vstest.console.dll, TestRequestSender.EndSession: Sending end session.
TpTrace Verbose: 0 : 24692, 13, 2021/11/01, 09:50:52.402, 931591042163, vstest.console.dll, ProxyOperationManager.Close: waiting for test host to exit for 100 ms
TpTrace Warning: 0 : 24692, 10, 2021/11/01, 09:50:52.415, 931591172435, vstest.console.dll, TestHostManagerCallbacks.ErrorReceivedCallback Test host standard error line: 
TpTrace Verbose: 0 : 24692, 7, 2021/11/01, 09:50:52.419, 931591214160, vstest.console.dll, TestHostProvider.ExitCallBack: Host exited starting callback.
TpTrace Information: 0 : 24692, 7, 2021/11/01, 09:50:52.419, 931591218251, vstest.console.dll, TestHostManagerCallbacks.ExitCallBack: Testhost processId: 15400 exited with exitcode: 0 error: ''
TpTrace Verbose: 0 : 24692, 7, 2021/11/01, 09:50:52.419, 931591218914, vstest.console.dll, DotnetTestHostManager.OnHostExited: invoking OnHostExited callback
TpTrace Verbose: 0 : 24692, 7, 2021/11/01, 09:50:52.420, 931591219376, vstest.console.dll, CrossPlatEngine.TestHostManagerHostExited: calling on client process exit callback.
TpTrace Information: 0 : 24692, 7, 2021/11/01, 09:50:52.420, 931591219834, vstest.console.dll, TestRequestSender.OnClientProcessExit: Test host process exited. Standard error: 
TpTrace Information: 0 : 24692, 7, 2021/11/01, 09:50:52.420, 931591220208, vstest.console.dll, SocketServer.Stop: Stop server endPoint: 127.0.0.1:59196
TpTrace Information: 0 : 24692, 7, 2021/11/01, 09:50:52.420, 931591220495, vstest.console.dll, SocketServer.Stop: Cancellation requested. Stopping message loop.
TpTrace Warning: 0 : 24692, 13, 2021/11/01, 09:50:52.420, 931591220201, vstest.console.dll, ProxyOperationManager: Timed out waiting for test host to exit. Will terminate process.
TpTrace Verbose: 0 : 24692, 13, 2021/11/01, 09:50:52.420, 931591224579, vstest.console.dll, ProxyDataCollectionManager.InvokeDataCollectionServiceAction: Starting.
TpTrace Information: 0 : 24692, 13, 2021/11/01, 09:50:52.420, 931591225112, vstest.console.dll, ProxyDataCollectionManager.AfterTestRunEnd: Get attachment set for datacollector processId: 2688 port: 59193
TpTrace Verbose: 0 : 24692, 13, 2021/11/01, 09:50:52.420, 931591225553, vstest.console.dll, DataCollectionRequestSender.SendAfterTestRunStartAndGetResult : Send AfterTestRunEnd message with isCancelled: False
TpTrace Verbose: 0 : 24692, 13, 2021/11/01, 09:50:52.423, 931591258533, vstest.console.dll, DataCollectionRequestSender.SendAfterTestRunStartAndGetResult : Received message: (DataCollection.AfterTestRunEndResult) -> {
  "AttachmentSets": [],
  "Metrics": {}
}
TpTrace Information: 0 : 24692, 13, 2021/11/01, 09:50:52.430, 931591327679, vstest.console.dll, ProxyDataCollectionManager.InvokeDataCollectionServiceAction: Completed.
TpTrace Warning: 0 : 24692, 9, 2021/11/01, 09:50:52.431, 931591329587, vstest.console.dll, DataCollectionLauncher.ErrorReceivedCallback datacollector standard error line: 
TpTrace Information: 0 : 24692, 7, 2021/11/01, 09:50:52.431, 931591331427, vstest.console.dll, DataCollectionLauncher.ExitCallBack: Data collector exited with exitcode: 0 error: ''
TpTrace Verbose: 0 : 24692, 13, 2021/11/01, 09:50:52.462, 931591645668, vstest.console.dll, TestRunRequest:SendTestRunStatsChange: Starting.
TpTrace Information: 0 : 24692, 13, 2021/11/01, 09:50:52.462, 931591647616, vstest.console.dll, TestRunRequest:SendTestRunStatsChange: Completed.
TpTrace Verbose: 0 : 24692, 13, 2021/11/01, 09:50:52.462, 931591648894, vstest.console.dll, ParallelProxyExecutionManager: HandlePartialRunComplete: Total completed clients = 1, Run complete = True, Run canceled: False.
TpTrace Verbose: 0 : 24692, 13, 2021/11/01, 09:50:52.480, 931591822800, vstest.console.dll, TestRunRequest:TestRunComplete: Starting. IsAborted:False IsCanceled:False.
TpTrace Verbose: 0 : 24692, 13, 2021/11/01, 09:50:52.480, 931591824462, vstest.console.dll, TestLoggerManager.HandleTestRunComplete: Ignoring as the object is disposed.
TpTrace Information: 0 : 24692, 13, 2021/11/01, 09:50:52.480, 931591826348, vstest.console.dll, TestRunRequest:TestRunComplete: Completed.
TpTrace Verbose: 0 : 24692, 1, 2021/11/01, 09:50:52.480, 931591826465, vstest.console.dll, TestRunRequest.Dispose: Starting.
TpTrace Verbose: 0 : 24692, 13, 2021/11/01, 09:50:52.480, 931591826845, vstest.console.dll, TestRequestSender.SetOperationComplete: Setting operation complete.
TpTrace Information: 0 : 24692, 1, 2021/11/01, 09:50:52.480, 931591827365, vstest.console.dll, TestRunRequest.Dispose: Completed.
TpTrace Information: 0 : 24692, 13, 2021/11/01, 09:50:52.480, 931591827724, vstest.console.dll, SocketServer.Stop: Stop server endPoint: 127.0.0.1:59196
TpTrace Information: 0 : 24692, 1, 2021/11/01, 09:50:52.480, 931591828106, vstest.console.dll, TestRequestManager.RunTests: run tests completed.
TpTrace Information: 0 : 24692, 13, 2021/11/01, 09:50:52.480, 931591828828, vstest.console.dll, SocketServer.Stop: Cancellation requested. Stopping message loop.
TpTrace Information: 0 : 24692, 1, 2021/11/01, 09:50:52.481, 931591829757, vstest.console.dll, RunTestsArgumentProcessor:Execute: Test run is completed.
TpTrace Information: 0 : 24692, 13, 2021/11/01, 09:50:52.481, 931591829949, vstest.console.dll, SocketServer.PrivateStop: Stop server endPoint: 127.0.0.1:59196 error: 
TpTrace Verbose: 0 : 24692, 1, 2021/11/01, 09:50:52.481, 931591831320, vstest.console.dll, Executor.Execute: Exiting with exit code of 0
TpTrace Verbose: 0 : 24692, 13, 2021/11/01, 09:50:52.481, 931591834727, vstest.console.dll, LengthPrefixCommunicationChannel.Dispose: Dispose reader and writer.
TpTrace Information: 0 : 24692, 13, 2021/11/01, 09:50:52.481, 931591835461, vstest.console.dll, SocketServer.Stop: Raise disconnected event endPoint: 127.0.0.1:59196 error: 
