<?xml version="1.0" encoding="utf-8"?>
<coverage line-rate="0.6068" branch-rate="0.7395" version="1.9" timestamp="1635756652" lines-covered="142" lines-valid="234" branches-covered="71" branches-valid="96">
  <sources>
    <source>C:\Users\aitor\</source>
  </sources>
  <packages>
    <package name="ValidateId.API" line-rate="0" branch-rate="0" complexity="30">
      <classes>
        <class name="ErrorHandlingFilter" filename="Downloads\ValidateIdAPI\ValidateIdAPI\Exceptions\ErrorHandlingFilter.cs" line-rate="0" branch-rate="1" complexity="1">
          <methods>
            <method name="OnException" signature="(Microsoft.AspNetCore.Mvc.Filters.ExceptionContext)" line-rate="0" branch-rate="1" complexity="1">
              <lines>
                <line number="6" hits="0" branch="False" />
                <line number="7" hits="0" branch="False" />
                <line number="8" hits="0" branch="False" />
                <line number="10" hits="0" branch="False" />
                <line number="11" hits="0" branch="False" />
              </lines>
            </method>
          </methods>
          <lines>
            <line number="6" hits="0" branch="False" />
            <line number="7" hits="0" branch="False" />
            <line number="8" hits="0" branch="False" />
            <line number="10" hits="0" branch="False" />
            <line number="11" hits="0" branch="False" />
          </lines>
        </class>
        <class name="ValidateIdAPI.Program" filename="Downloads\ValidateIdAPI\ValidateIdAPI\Program.cs" line-rate="0" branch-rate="0" complexity="3">
          <methods>
            <method name="Main" signature="(System.String[])" line-rate="0" branch-rate="0" complexity="2">
              <lines>
                <line number="12" hits="0" branch="False" />
                <line number="14" hits="0" branch="False" />
                <line number="17" hits="0" branch="True" condition-coverage="0% (0/2)">
                  <conditions>
                    <condition number="28" type="jump" coverage="0%" />
                  </conditions>
                </line>
                <line number="18" hits="0" branch="False" />
                <line number="20" hits="0" branch="False" />
                <line number="21" hits="0" branch="False" />
                <line number="22" hits="0" branch="False" />
                <line number="23" hits="0" branch="False" />
                <line number="25" hits="0" branch="False" />
                <line number="26" hits="0" branch="False" />
              </lines>
            </method>
            <method name="CreateHostBuilder" signature="(System.String[])" line-rate="0" branch-rate="1" complexity="1">
              <lines>
                <line number="29" hits="0" branch="False" />
                <line number="30" hits="0" branch="False" />
                <line number="31" hits="0" branch="False" />
                <line number="32" hits="0" branch="False" />
                <line number="33" hits="0" branch="False" />
              </lines>
            </method>
          </methods>
          <lines>
            <line number="12" hits="0" branch="False" />
            <line number="14" hits="0" branch="False" />
            <line number="17" hits="0" branch="True" condition-coverage="0% (0/2)">
              <conditions>
                <condition number="28" type="jump" coverage="0%" />
              </conditions>
            </line>
            <line number="18" hits="0" branch="False" />
            <line number="20" hits="0" branch="False" />
            <line number="21" hits="0" branch="False" />
            <line number="22" hits="0" branch="False" />
            <line number="23" hits="0" branch="False" />
            <line number="25" hits="0" branch="False" />
            <line number="26" hits="0" branch="False" />
            <line number="29" hits="0" branch="False" />
            <line number="30" hits="0" branch="False" />
            <line number="31" hits="0" branch="False" />
            <line number="32" hits="0" branch="False" />
            <line number="33" hits="0" branch="False" />
          </lines>
        </class>
        <class name="ValidateIdAPI.Startup" filename="Downloads\ValidateIdAPI\ValidateIdAPI\Startup.cs" line-rate="0" branch-rate="0" complexity="5">
          <methods>
            <method name="get_Configuration" signature="()" line-rate="0" branch-rate="1" complexity="1">
              <lines>
                <line number="22" hits="0" branch="False" />
              </lines>
            </method>
            <method name="ConfigureServices" signature="(Microsoft.Extensions.DependencyInjection.IServiceCollection)" line-rate="0" branch-rate="1" complexity="1">
              <lines>
                <line number="26" hits="0" branch="False" />
                <line number="27" hits="0" branch="False" />
                <line number="29" hits="0" branch="False" />
                <line number="30" hits="0" branch="False" />
                <line number="31" hits="0" branch="False" />
                <line number="32" hits="0" branch="False" />
                <line number="33" hits="0" branch="False" />
                <line number="36" hits="0" branch="False" />
                <line number="37" hits="0" branch="False" />
                <line number="40" hits="0" branch="False" />
                <line number="41" hits="0" branch="False" />
                <line number="42" hits="0" branch="False" />
                <line number="43" hits="0" branch="False" />
                <line number="46" hits="0" branch="False" />
                <line number="47" hits="0" branch="False" />
              </lines>
            </method>
            <method name="Configure" signature="(Microsoft.AspNetCore.Builder.IApplicationBuilder,Microsoft.AspNetCore.Hosting.IWebHostEnvironment)" line-rate="0" branch-rate="0" complexity="2">
              <lines>
                <line number="51" hits="0" branch="False" />
                <line number="52" hits="0" branch="True" condition-coverage="0% (0/2)">
                  <conditions>
                    <condition number="9" type="jump" coverage="0%" />
                  </conditions>
                </line>
                <line number="53" hits="0" branch="False" />
                <line number="54" hits="0" branch="False" />
                <line number="55" hits="0" branch="False" />
                <line number="56" hits="0" branch="False" />
                <line number="57" hits="0" branch="False" />
                <line number="59" hits="0" branch="False" />
                <line number="61" hits="0" branch="False" />
                <line number="63" hits="0" branch="False" />
                <line number="65" hits="0" branch="False" />
                <line number="66" hits="0" branch="False" />
                <line number="67" hits="0" branch="False" />
                <line number="68" hits="0" branch="False" />
                <line number="69" hits="0" branch="False" />
              </lines>
            </method>
            <method name=".ctor" signature="(Microsoft.Extensions.Configuration.IConfiguration)" line-rate="0" branch-rate="1" complexity="1">
              <lines>
                <line number="17" hits="0" branch="False" />
                <line number="18" hits="0" branch="False" />
                <line number="19" hits="0" branch="False" />
                <line number="20" hits="0" branch="False" />
              </lines>
            </method>
          </methods>
          <lines>
            <line number="22" hits="0" branch="False" />
            <line number="26" hits="0" branch="False" />
            <line number="27" hits="0" branch="False" />
            <line number="29" hits="0" branch="False" />
            <line number="30" hits="0" branch="False" />
            <line number="31" hits="0" branch="False" />
            <line number="32" hits="0" branch="False" />
            <line number="33" hits="0" branch="False" />
            <line number="36" hits="0" branch="False" />
            <line number="37" hits="0" branch="False" />
            <line number="40" hits="0" branch="False" />
            <line number="41" hits="0" branch="False" />
            <line number="42" hits="0" branch="False" />
            <line number="43" hits="0" branch="False" />
            <line number="46" hits="0" branch="False" />
            <line number="47" hits="0" branch="False" />
            <line number="51" hits="0" branch="False" />
            <line number="52" hits="0" branch="True" condition-coverage="0% (0/2)">
              <conditions>
                <condition number="9" type="jump" coverage="0%" />
              </conditions>
            </line>
            <line number="53" hits="0" branch="False" />
            <line number="54" hits="0" branch="False" />
            <line number="55" hits="0" branch="False" />
            <line number="56" hits="0" branch="False" />
            <line number="57" hits="0" branch="False" />
            <line number="59" hits="0" branch="False" />
            <line number="61" hits="0" branch="False" />
            <line number="63" hits="0" branch="False" />
            <line number="65" hits="0" branch="False" />
            <line number="66" hits="0" branch="False" />
            <line number="67" hits="0" branch="False" />
            <line number="68" hits="0" branch="False" />
            <line number="69" hits="0" branch="False" />
            <line number="17" hits="0" branch="False" />
            <line number="18" hits="0" branch="False" />
            <line number="19" hits="0" branch="False" />
            <line number="20" hits="0" branch="False" />
          </lines>
        </class>
        <class name="ValidateIdAPI.Controllers.ShoppingCartController" filename="Downloads\ValidateIdAPI\ValidateIdAPI\Controllers\ShoppingCartController.cs" line-rate="0" branch-rate="0" complexity="3">
          <methods>
            <method name="AddItem" signature="(ValidateId.Domain.DTOs.Basket.AddUserBasketRequest)" line-rate="0" branch-rate="1" complexity="1">
              <lines>
                <line number="26" hits="0" branch="False" />
                <line number="29" hits="0" branch="False" />
                <line number="30" hits="0" branch="False" />
                <line number="31" hits="0" branch="False" />
                <line number="32" hits="0" branch="False" />
                <line number="33" hits="0" branch="False" />
                <line number="34" hits="0" branch="False" />
                <line number="35" hits="0" branch="False" />
                <line number="36" hits="0" branch="False" />
                <line number="37" hits="0" branch="False" />
                <line number="39" hits="0" branch="False" />
                <line number="40" hits="0" branch="False" />
              </lines>
            </method>
            <method name=".ctor" signature="(Microsoft.Extensions.Logging.ILogger`1&lt;ValidateIdAPI.Controllers.ShoppingCartController&gt;,ValidateId.Bussines.Interfaces.Basket.IBasketService)" line-rate="0" branch-rate="0" complexity="2">
              <lines>
                <line number="17" hits="0" branch="False" />
                <line number="18" hits="0" branch="False" />
                <line number="19" hits="0" branch="False" />
                <line number="20" hits="0" branch="False" />
                <line number="21" hits="0" branch="True" condition-coverage="0% (0/2)">
                  <conditions>
                    <condition number="18" type="jump" coverage="0%" />
                  </conditions>
                </line>
                <line number="22" hits="0" branch="False" />
              </lines>
            </method>
          </methods>
          <lines>
            <line number="26" hits="0" branch="False" />
            <line number="29" hits="0" branch="False" />
            <line number="30" hits="0" branch="False" />
            <line number="31" hits="0" branch="False" />
            <line number="32" hits="0" branch="False" />
            <line number="33" hits="0" branch="False" />
            <line number="34" hits="0" branch="False" />
            <line number="35" hits="0" branch="False" />
            <line number="36" hits="0" branch="False" />
            <line number="37" hits="0" branch="False" />
            <line number="39" hits="0" branch="False" />
            <line number="40" hits="0" branch="False" />
            <line number="17" hits="0" branch="False" />
            <line number="18" hits="0" branch="False" />
            <line number="19" hits="0" branch="False" />
            <line number="20" hits="0" branch="False" />
            <line number="21" hits="0" branch="True" condition-coverage="0% (0/2)">
              <conditions>
                <condition number="18" type="jump" coverage="0%" />
              </conditions>
            </line>
            <line number="22" hits="0" branch="False" />
          </lines>
        </class>
        <class name="ValidateIdAPI.Controllers.ShoppingCartController/&lt;Get&gt;d__4" filename="Downloads\ValidateIdAPI\ValidateIdAPI\Controllers\ShoppingCartController.cs" line-rate="0" branch-rate="0" complexity="18">
          <methods>
            <method name="MoveNext" signature="()" line-rate="0" branch-rate="0" complexity="18">
              <lines>
                <line number="44" hits="0" branch="False" />
                <line number="49" hits="0" branch="False" />
                <line number="51" hits="0" branch="False" />
                <line number="52" hits="0" branch="False" />
                <line number="53" hits="0" branch="True" condition-coverage="0% (0/2)">
                  <conditions>
                    <condition number="842" type="jump" coverage="0%" />
                  </conditions>
                </line>
                <line number="54" hits="0" branch="False" />
                <line number="55" hits="0" branch="True" condition-coverage="0% (0/6)">
                  <conditions>
                    <condition number="109" type="jump" coverage="0%" />
                    <condition number="191" type="jump" coverage="0%" />
                    <condition number="262" type="jump" coverage="0%" />
                  </conditions>
                </line>
                <line number="56" hits="0" branch="True" condition-coverage="0% (0/10)">
                  <conditions>
                    <condition number="389" type="jump" coverage="0%" />
                    <condition number="474" type="jump" coverage="0%" />
                    <condition number="545" type="jump" coverage="0%" />
                    <condition number="635" type="jump" coverage="0%" />
                    <condition number="720" type="jump" coverage="0%" />
                  </conditions>
                </line>
                <line number="57" hits="0" branch="False" />
                <line number="58" hits="0" branch="False" />
                <line number="59" hits="0" branch="False" />
                <line number="60" hits="0" branch="False" />
                <line number="61" hits="0" branch="False" />
                <line number="62" hits="0" branch="False" />
                <line number="64" hits="0" branch="False" />
                <line number="65" hits="0" branch="False" />
              </lines>
            </method>
          </methods>
          <lines>
            <line number="44" hits="0" branch="False" />
            <line number="49" hits="0" branch="False" />
            <line number="51" hits="0" branch="False" />
            <line number="52" hits="0" branch="False" />
            <line number="53" hits="0" branch="True" condition-coverage="0% (0/2)">
              <conditions>
                <condition number="842" type="jump" coverage="0%" />
              </conditions>
            </line>
            <line number="54" hits="0" branch="False" />
            <line number="55" hits="0" branch="True" condition-coverage="0% (0/6)">
              <conditions>
                <condition number="109" type="jump" coverage="0%" />
                <condition number="191" type="jump" coverage="0%" />
                <condition number="262" type="jump" coverage="0%" />
              </conditions>
            </line>
            <line number="56" hits="0" branch="True" condition-coverage="0% (0/10)">
              <conditions>
                <condition number="389" type="jump" coverage="0%" />
                <condition number="474" type="jump" coverage="0%" />
                <condition number="545" type="jump" coverage="0%" />
                <condition number="635" type="jump" coverage="0%" />
                <condition number="720" type="jump" coverage="0%" />
              </conditions>
            </line>
            <line number="57" hits="0" branch="False" />
            <line number="58" hits="0" branch="False" />
            <line number="59" hits="0" branch="False" />
            <line number="60" hits="0" branch="False" />
            <line number="61" hits="0" branch="False" />
            <line number="62" hits="0" branch="False" />
            <line number="64" hits="0" branch="False" />
            <line number="65" hits="0" branch="False" />
          </lines>
        </class>
      </classes>
    </package>
    <package name="ValidateId.Bussines" line-rate="1" branch-rate="0.75" complexity="7">
      <classes>
        <class name="ValidateId.Bussines.Services.Basket.BasketService" filename="Downloads\ValidateIdAPI\ValidateId.Bussines\Services\Basket\BasketService.cs" line-rate="1" branch-rate="0.75" complexity="7">
          <methods>
            <method name="AddShoppingBasketToUser" signature="(ValidateId.Domain.DTOs.Basket.AddUserBasketRequest)" line-rate="1" branch-rate="1" complexity="1">
              <lines>
                <line number="32" hits="3" branch="False" />
                <line number="33" hits="3" branch="False" />
                <line number="36" hits="3" branch="False" />
                <line number="39" hits="3" branch="False" />
                <line number="41" hits="3" branch="False" />
                <line number="42" hits="3" branch="False" />
                <line number="44" hits="3" branch="False" />
                <line number="46" hits="3" branch="False" />
              </lines>
            </method>
            <method name="GetAllShoppingBaskets" signature="()" line-rate="1" branch-rate="1" complexity="1">
              <lines>
                <line number="49" hits="1" branch="False" />
                <line number="50" hits="1" branch="False" />
                <line number="51" hits="1" branch="False" />
                <line number="52" hits="1" branch="False" />
                <line number="53" hits="1" branch="False" />
              </lines>
            </method>
            <method name="ConvertAdduserRequestToShoppingCart" signature="(ValidateId.Domain.DTOs.Basket.AddUserBasketRequest)" line-rate="1" branch-rate="1" complexity="1">
              <lines>
                <line number="63" hits="3" branch="False" />
                <line number="64" hits="3" branch="False" />
                <line number="65" hits="3" branch="False" />
                <line number="67" hits="3" branch="False" />
                <line number="68" hits="3" branch="False" />
                <line number="69" hits="3" branch="False" />
                <line number="70" hits="3" branch="False" />
                <line number="71" hits="3" branch="False" />
                <line number="72" hits="3" branch="False" />
                <line number="74" hits="3" branch="False" />
                <line number="75" hits="3" branch="False" />
              </lines>
            </method>
            <method name="CalculateTotalProductCost" signature="(System.Collections.Generic.List`1&lt;ValidateId.Domain.Entities.Product&gt;)" line-rate="1" branch-rate="1" complexity="2">
              <lines>
                <line number="81" hits="3" branch="False" />
                <line number="82" hits="3" branch="False" />
                <line number="84" hits="21" branch="True" condition-coverage="100% (2/2)">
                  <conditions>
                    <condition number="77" type="jump" coverage="100%" />
                  </conditions>
                </line>
                <line number="85" hits="6" branch="False" />
                <line number="86" hits="6" branch="False" />
                <line number="87" hits="6" branch="False" />
                <line number="88" hits="6" branch="False" />
                <line number="89" hits="3" branch="False" />
                <line number="90" hits="3" branch="False" />
              </lines>
            </method>
            <method name=".ctor" signature="(ValidateId.Infrastructure.Interfaces.IRepository)" line-rate="1" branch-rate="0.5" complexity="2">
              <lines>
                <line number="22" hits="2" branch="False" />
                <line number="23" hits="2" branch="False" />
                <line number="24" hits="2" branch="True" condition-coverage="50% (1/2)">
                  <conditions>
                    <condition number="11" type="jump" coverage="50%" />
                  </conditions>
                </line>
                <line number="25" hits="2" branch="False" />
              </lines>
            </method>
          </methods>
          <lines>
            <line number="32" hits="3" branch="False" />
            <line number="33" hits="3" branch="False" />
            <line number="36" hits="3" branch="False" />
            <line number="39" hits="3" branch="False" />
            <line number="41" hits="3" branch="False" />
            <line number="42" hits="3" branch="False" />
            <line number="44" hits="3" branch="False" />
            <line number="46" hits="3" branch="False" />
            <line number="49" hits="1" branch="False" />
            <line number="50" hits="1" branch="False" />
            <line number="51" hits="1" branch="False" />
            <line number="52" hits="1" branch="False" />
            <line number="53" hits="1" branch="False" />
            <line number="63" hits="3" branch="False" />
            <line number="64" hits="3" branch="False" />
            <line number="65" hits="3" branch="False" />
            <line number="67" hits="3" branch="False" />
            <line number="68" hits="3" branch="False" />
            <line number="69" hits="3" branch="False" />
            <line number="70" hits="3" branch="False" />
            <line number="71" hits="3" branch="False" />
            <line number="72" hits="3" branch="False" />
            <line number="74" hits="3" branch="False" />
            <line number="75" hits="3" branch="False" />
            <line number="81" hits="3" branch="False" />
            <line number="82" hits="3" branch="False" />
            <line number="84" hits="21" branch="True" condition-coverage="100% (2/2)">
              <conditions>
                <condition number="77" type="jump" coverage="100%" />
              </conditions>
            </line>
            <line number="85" hits="6" branch="False" />
            <line number="86" hits="6" branch="False" />
            <line number="87" hits="6" branch="False" />
            <line number="88" hits="6" branch="False" />
            <line number="89" hits="3" branch="False" />
            <line number="90" hits="3" branch="False" />
            <line number="22" hits="2" branch="False" />
            <line number="23" hits="2" branch="False" />
            <line number="24" hits="2" branch="True" condition-coverage="50% (1/2)">
              <conditions>
                <condition number="11" type="jump" coverage="50%" />
              </conditions>
            </line>
            <line number="25" hits="2" branch="False" />
          </lines>
        </class>
      </classes>
    </package>
    <package name="ValidateId.Domain" line-rate="1" branch-rate="1" complexity="15">
      <classes>
        <class name="ValidateId.Domain.Entities.Product" filename="Downloads\ValidateIdAPI\ValidateId.Domain\Entities\Product.cs" line-rate="1" branch-rate="1" complexity="3">
          <methods>
            <method name="get_Quantity" signature="()" line-rate="1" branch-rate="1" complexity="1">
              <lines>
                <line number="12" hits="10" branch="False" />
              </lines>
            </method>
            <method name="get_Name" signature="()" line-rate="1" branch-rate="1" complexity="1">
              <lines>
                <line number="15" hits="10" branch="False" />
              </lines>
            </method>
            <method name=".ctor" signature="(System.Int32,System.String)" line-rate="1" branch-rate="1" complexity="1">
              <lines>
                <line number="17" hits="4" branch="False" />
                <line number="18" hits="4" branch="False" />
                <line number="19" hits="4" branch="False" />
                <line number="20" hits="4" branch="False" />
                <line number="21" hits="4" branch="False" />
              </lines>
            </method>
          </methods>
          <lines>
            <line number="12" hits="10" branch="False" />
            <line number="15" hits="10" branch="False" />
            <line number="17" hits="4" branch="False" />
            <line number="18" hits="4" branch="False" />
            <line number="19" hits="4" branch="False" />
            <line number="20" hits="4" branch="False" />
            <line number="21" hits="4" branch="False" />
          </lines>
        </class>
        <class name="ValidateId.Domain.Entities.ShoppingBasket" filename="Downloads\ValidateIdAPI\ValidateId.Domain\Entities\ShoppingBasket.cs" line-rate="1" branch-rate="1" complexity="4">
          <methods>
            <method name="get_CreationDate" signature="()" line-rate="1" branch-rate="1" complexity="1">
              <lines>
                <line number="11" hits="11" branch="False" />
              </lines>
            </method>
            <method name="get_Products" signature="()" line-rate="1" branch-rate="1" complexity="1">
              <lines>
                <line number="14" hits="19" branch="False" />
              </lines>
            </method>
            <method name="get_User" signature="()" line-rate="1" branch-rate="1" complexity="1">
              <lines>
                <line number="17" hits="22" branch="False" />
              </lines>
            </method>
            <method name=".ctor" signature="(System.Int32)" line-rate="1" branch-rate="1" complexity="1">
              <lines>
                <line number="19" hits="5" branch="False" />
                <line number="20" hits="5" branch="False" />
                <line number="21" hits="5" branch="False" />
                <line number="22" hits="5" branch="False" />
                <line number="23" hits="5" branch="False" />
                <line number="24" hits="5" branch="False" />
                <line number="25" hits="5" branch="False" />
              </lines>
            </method>
          </methods>
          <lines>
            <line number="11" hits="11" branch="False" />
            <line number="14" hits="19" branch="False" />
            <line number="17" hits="22" branch="False" />
            <line number="19" hits="5" branch="False" />
            <line number="20" hits="5" branch="False" />
            <line number="21" hits="5" branch="False" />
            <line number="22" hits="5" branch="False" />
            <line number="23" hits="5" branch="False" />
            <line number="24" hits="5" branch="False" />
            <line number="25" hits="5" branch="False" />
          </lines>
        </class>
        <class name="ValidateId.Domain.DTOs.Basket.AddUserBasketRequest" filename="Downloads\ValidateIdAPI\ValidateId.Domain\DTOs\Basket\AddUserBasket.Request.cs" line-rate="1" branch-rate="1" complexity="3">
          <methods>
            <method name="get_CreationDate" signature="()" line-rate="1" branch-rate="1" complexity="1">
              <lines>
                <line number="9" hits="3" branch="False" />
              </lines>
            </method>
            <method name="get_User" signature="()" line-rate="1" branch-rate="1" complexity="1">
              <lines>
                <line number="11" hits="12" branch="False" />
              </lines>
            </method>
            <method name="get_Units" signature="()" line-rate="1" branch-rate="1" complexity="1">
              <lines>
                <line number="13" hits="9" branch="False" />
              </lines>
            </method>
          </methods>
          <lines>
            <line number="9" hits="3" branch="False" />
            <line number="11" hits="12" branch="False" />
            <line number="13" hits="9" branch="False" />
          </lines>
        </class>
        <class name="ValidateId.Domain.DTOs.Basket.AdduserBasketResponse" filename="Downloads\ValidateIdAPI\ValidateId.Domain\DTOs\Basket\AdduserBasket.Response.cs" line-rate="1" branch-rate="1" complexity="2">
          <methods>
            <method name="get_response" signature="()" line-rate="1" branch-rate="1" complexity="1">
              <lines>
                <line number="5" hits="4" branch="False" />
              </lines>
            </method>
            <method name="get_message" signature="()" line-rate="1" branch-rate="1" complexity="1">
              <lines>
                <line number="6" hits="3" branch="False" />
              </lines>
            </method>
          </methods>
          <lines>
            <line number="5" hits="4" branch="False" />
            <line number="6" hits="3" branch="False" />
          </lines>
        </class>
        <class name="ValidateId.Domain.DTOs.Basket.GetAllProductsResponse" filename="Downloads\ValidateIdAPI\ValidateId.Domain\DTOs\Basket\GetAllProducts.Response.cs" line-rate="1" branch-rate="1" complexity="1">
          <methods>
            <method name="get_Poducts" signature="()" line-rate="1" branch-rate="1" complexity="1">
              <lines>
                <line number="7" hits="8" branch="False" />
              </lines>
            </method>
          </methods>
          <lines>
            <line number="7" hits="8" branch="False" />
          </lines>
        </class>
        <class name="ValidateId.Domain.Base.BaseEntity" filename="Downloads\ValidateIdAPI\ValidateId.Domain\Base\BaseEntity.cs" line-rate="1" branch-rate="1" complexity="2">
          <methods>
            <method name="get_Id" signature="()" line-rate="1" branch-rate="1" complexity="1">
              <lines>
                <line number="11" hits="29" branch="False" />
              </lines>
            </method>
            <method name=".ctor" signature="()" line-rate="1" branch-rate="1" complexity="1">
              <lines>
                <line number="7" hits="17" branch="False" />
                <line number="8" hits="17" branch="False" />
                <line number="9" hits="17" branch="False" />
              </lines>
            </method>
          </methods>
          <lines>
            <line number="11" hits="29" branch="False" />
            <line number="7" hits="17" branch="False" />
            <line number="8" hits="17" branch="False" />
            <line number="9" hits="17" branch="False" />
          </lines>
        </class>
      </classes>
    </package>
    <package name="ValidateId.Infrastructure" line-rate="0.9129999999999999" branch-rate="1" complexity="31">
      <classes>
        <class name="ValidateId.Infrastructure.Data.Repositories.InMemmoryRepository" filename="Downloads\ValidateIdAPI\ValidateId.Infrastructure\Data\Repositories\InMemmoryRepository.cs" line-rate="0.9129999999999999" branch-rate="1" complexity="31">
          <methods>
            <method name="get__shoppingBaskets" signature="()" line-rate="1" branch-rate="1" complexity="1">
              <lines>
                <line number="13" hits="8" branch="False" />
              </lines>
            </method>
            <method name="OnModelCreating" signature="(Microsoft.EntityFrameworkCore.ModelBuilder)" line-rate="0" branch-rate="1" complexity="1">
              <lines>
                <line number="24" hits="0" branch="False" />
                <line number="25" hits="0" branch="False" />
              </lines>
            </method>
            <method name="LoadShoppingBaskets" signature="()" line-rate="1" branch-rate="1" complexity="1">
              <lines>
                <line number="33" hits="2" branch="False" />
                <line number="34" hits="2" branch="False" />
                <line number="35" hits="2" branch="False" />
              </lines>
            </method>
            <method name="GetShoppingBaskets" signature="()" line-rate="1" branch-rate="1" complexity="1">
              <lines>
                <line number="38" hits="3" branch="False" />
                <line number="39" hits="7" branch="False" />
                <line number="40" hits="3" branch="False" />
              </lines>
            </method>
            <method name="AddShoppingBasket" signature="(System.Object,System.Double)" line-rate="1" branch-rate="1" complexity="26">
              <lines>
                <line number="43" hits="3" branch="False" />
                <line number="44" hits="3" branch="False" />
                <line number="46" hits="3" branch="True" condition-coverage="100% (4/4)">
                  <conditions>
                    <condition number="12" type="jump" coverage="100%" />
                    <condition number="94" type="jump" coverage="100%" />
                  </conditions>
                </line>
                <line number="47" hits="3" branch="True" condition-coverage="100% (4/4)">
                  <conditions>
                    <condition number="177" type="jump" coverage="100%" />
                    <condition number="259" type="jump" coverage="100%" />
                  </conditions>
                </line>
                <line number="48" hits="3" branch="True" condition-coverage="100% (2/2)">
                  <conditions>
                    <condition number="342" type="jump" coverage="100%" />
                  </conditions>
                </line>
                <line number="49" hits="3" branch="True" condition-coverage="100% (2/2)">
                  <conditions>
                    <condition number="431" type="jump" coverage="100%" />
                  </conditions>
                </line>
                <line number="50" hits="3" branch="True" condition-coverage="100% (8/8)">
                  <conditions>
                    <condition number="524" type="jump" coverage="100%" />
                    <condition number="605" type="jump" coverage="100%" />
                    <condition number="682" type="jump" coverage="100%" />
                    <condition number="753" type="jump" coverage="100%" />
                  </conditions>
                </line>
                <line number="52" hits="3" branch="True" condition-coverage="100% (6/6)">
                  <conditions>
                    <condition number="841" type="jump" coverage="100%" />
                    <condition number="943" type="jump" coverage="100%" />
                    <condition number="1014" type="jump" coverage="100%" />
                  </conditions>
                </line>
                <line number="54" hits="3" branch="False" />
                <line number="55" hits="3" branch="False" />
              </lines>
            </method>
            <method name=".ctor" signature="(Microsoft.EntityFrameworkCore.DbContextOptions)" line-rate="1" branch-rate="1" complexity="1">
              <lines>
                <line number="19" hits="2" branch="False" />
                <line number="20" hits="2" branch="False" />
                <line number="21" hits="2" branch="False" />
                <line number="22" hits="2" branch="False" />
              </lines>
            </method>
          </methods>
          <lines>
            <line number="13" hits="8" branch="False" />
            <line number="24" hits="0" branch="False" />
            <line number="25" hits="0" branch="False" />
            <line number="33" hits="2" branch="False" />
            <line number="34" hits="2" branch="False" />
            <line number="35" hits="2" branch="False" />
            <line number="38" hits="3" branch="False" />
            <line number="39" hits="7" branch="False" />
            <line number="40" hits="3" branch="False" />
            <line number="43" hits="3" branch="False" />
            <line number="44" hits="3" branch="False" />
            <line number="46" hits="3" branch="True" condition-coverage="100% (4/4)">
              <conditions>
                <condition number="12" type="jump" coverage="100%" />
                <condition number="94" type="jump" coverage="100%" />
              </conditions>
            </line>
            <line number="47" hits="3" branch="True" condition-coverage="100% (4/4)">
              <conditions>
                <condition number="177" type="jump" coverage="100%" />
                <condition number="259" type="jump" coverage="100%" />
              </conditions>
            </line>
            <line number="48" hits="3" branch="True" condition-coverage="100% (2/2)">
              <conditions>
                <condition number="342" type="jump" coverage="100%" />
              </conditions>
            </line>
            <line number="49" hits="3" branch="True" condition-coverage="100% (2/2)">
              <conditions>
                <condition number="431" type="jump" coverage="100%" />
              </conditions>
            </line>
            <line number="50" hits="3" branch="True" condition-coverage="100% (8/8)">
              <conditions>
                <condition number="524" type="jump" coverage="100%" />
                <condition number="605" type="jump" coverage="100%" />
                <condition number="682" type="jump" coverage="100%" />
                <condition number="753" type="jump" coverage="100%" />
              </conditions>
            </line>
            <line number="52" hits="3" branch="True" condition-coverage="100% (6/6)">
              <conditions>
                <condition number="841" type="jump" coverage="100%" />
                <condition number="943" type="jump" coverage="100%" />
                <condition number="1014" type="jump" coverage="100%" />
              </conditions>
            </line>
            <line number="54" hits="3" branch="False" />
            <line number="55" hits="3" branch="False" />
            <line number="19" hits="2" branch="False" />
            <line number="20" hits="2" branch="False" />
            <line number="21" hits="2" branch="False" />
            <line number="22" hits="2" branch="False" />
          </lines>
        </class>
      </classes>
    </package>
    <package name="ValidateIdAPI.Tests" line-rate="0.9826999999999999" branch-rate="1" complexity="45">
      <classes>
        <class name="AutoGeneratedProgram" filename=".nuget\packages\microsoft.net.test.sdk\16.9.4\build\netcoreapp2.1\Microsoft.NET.Test.Sdk.Program.cs" line-rate="0" branch-rate="1" complexity="1">
          <methods>
            <method name="Main" signature="(System.String[])" line-rate="0" branch-rate="1" complexity="1">
              <lines>
                <line number="4" hits="0" branch="False" />
              </lines>
            </method>
          </methods>
          <lines>
            <line number="4" hits="0" branch="False" />
          </lines>
        </class>
        <class name="ValidateId.Tests.UnitTests" filename="Downloads\ValidateIdAPI\ValidateIdAPI.Tests\UnitTests.cs" line-rate="1" branch-rate="1" complexity="44">
          <methods>
            <method name="SetUp" signature="()" line-rate="1" branch-rate="1" complexity="1">
              <lines>
                <line number="37" hits="2" branch="False" />
                <line number="38" hits="2" branch="False" />
                <line number="39" hits="2" branch="False" />
                <line number="41" hits="2" branch="False" />
                <line number="42" hits="2" branch="False" />
                <line number="43" hits="2" branch="False" />
                <line number="44" hits="2" branch="False" />
                <line number="46" hits="2" branch="False" />
                <line number="47" hits="2" branch="False" />
                <line number="49" hits="2" branch="False" />
              </lines>
            </method>
            <method name="TearDown" signature="()" line-rate="1" branch-rate="1" complexity="1">
              <lines>
                <line number="53" hits="2" branch="False" />
                <line number="54" hits="2" branch="False" />
                <line number="55" hits="2" branch="False" />
                <line number="56" hits="2" branch="False" />
              </lines>
            </method>
            <method name="AddShoppingBasket_ToUser_Test" signature="()" line-rate="1" branch-rate="1" complexity="14">
              <lines>
                <line number="66" hits="1" branch="False" />
                <line number="68" hits="1" branch="False" />
                <line number="69" hits="1" branch="False" />
                <line number="70" hits="1" branch="False" />
                <line number="71" hits="1" branch="False" />
                <line number="72" hits="1" branch="False" />
                <line number="73" hits="1" branch="False" />
                <line number="77" hits="1" branch="False" />
                <line number="80" hits="1" branch="False" />
                <line number="81" hits="1" branch="False" />
                <line number="82" hits="1" branch="False" />
                <line number="83" hits="1" branch="False" />
                <line number="84" hits="1" branch="True" condition-coverage="100% (6/6)">
                  <conditions>
                    <condition number="149" type="jump" coverage="100%" />
                    <condition number="256" type="jump" coverage="100%" />
                    <condition number="327" type="jump" coverage="100%" />
                  </conditions>
                </line>
                <line number="85" hits="1" branch="True" condition-coverage="100% (4/4)">
                  <conditions>
                    <condition number="431" type="jump" coverage="100%" />
                    <condition number="538" type="jump" coverage="100%" />
                  </conditions>
                </line>
                <line number="86" hits="1" branch="True" condition-coverage="100% (4/4)">
                  <conditions>
                    <condition number="632" type="jump" coverage="100%" />
                    <condition number="739" type="jump" coverage="100%" />
                  </conditions>
                </line>
                <line number="87" hits="1" branch="False" />
              </lines>
            </method>
            <method name="GetProducts_Test" signature="()" line-rate="1" branch-rate="1" complexity="28">
              <lines>
                <line number="93" hits="1" branch="False" />
                <line number="94" hits="1" branch="False" />
                <line number="95" hits="1" branch="False" />
                <line number="96" hits="1" branch="False" />
                <line number="97" hits="1" branch="False" />
                <line number="98" hits="1" branch="False" />
                <line number="99" hits="1" branch="False" />
                <line number="100" hits="1" branch="False" />
                <line number="101" hits="1" branch="False" />
                <line number="102" hits="1" branch="False" />
                <line number="103" hits="1" branch="False" />
                <line number="104" hits="1" branch="False" />
                <line number="105" hits="1" branch="False" />
                <line number="108" hits="1" branch="False" />
                <line number="109" hits="1" branch="False" />
                <line number="110" hits="1" branch="False" />
                <line number="111" hits="1" branch="False" />
                <line number="114" hits="1" branch="False" />
                <line number="117" hits="1" branch="False" />
                <line number="118" hits="1" branch="False" />
                <line number="119" hits="1" branch="True" condition-coverage="100% (6/6)">
                  <conditions>
                    <condition number="246" type="jump" coverage="100%" />
                    <condition number="353" type="jump" coverage="100%" />
                    <condition number="424" type="jump" coverage="100%" />
                  </conditions>
                </line>
                <line number="120" hits="1" branch="True" condition-coverage="100% (4/4)">
                  <conditions>
                    <condition number="529" type="jump" coverage="100%" />
                    <condition number="636" type="jump" coverage="100%" />
                  </conditions>
                </line>
                <line number="121" hits="1" branch="True" condition-coverage="100% (4/4)">
                  <conditions>
                    <condition number="742" type="jump" coverage="100%" />
                    <condition number="849" type="jump" coverage="100%" />
                  </conditions>
                </line>
                <line number="122" hits="1" branch="True" condition-coverage="100% (6/6)">
                  <conditions>
                    <condition number="953" type="jump" coverage="100%" />
                    <condition number="1060" type="jump" coverage="100%" />
                    <condition number="1131" type="jump" coverage="100%" />
                  </conditions>
                </line>
                <line number="123" hits="1" branch="True" condition-coverage="100% (4/4)">
                  <conditions>
                    <condition number="1236" type="jump" coverage="100%" />
                    <condition number="1343" type="jump" coverage="100%" />
                  </conditions>
                </line>
                <line number="124" hits="1" branch="True" condition-coverage="100% (4/4)">
                  <conditions>
                    <condition number="1449" type="jump" coverage="100%" />
                    <condition number="1556" type="jump" coverage="100%" />
                  </conditions>
                </line>
                <line number="125" hits="1" branch="False" />
              </lines>
            </method>
          </methods>
          <lines>
            <line number="37" hits="2" branch="False" />
            <line number="38" hits="2" branch="False" />
            <line number="39" hits="2" branch="False" />
            <line number="41" hits="2" branch="False" />
            <line number="42" hits="2" branch="False" />
            <line number="43" hits="2" branch="False" />
            <line number="44" hits="2" branch="False" />
            <line number="46" hits="2" branch="False" />
            <line number="47" hits="2" branch="False" />
            <line number="49" hits="2" branch="False" />
            <line number="53" hits="2" branch="False" />
            <line number="54" hits="2" branch="False" />
            <line number="55" hits="2" branch="False" />
            <line number="56" hits="2" branch="False" />
            <line number="66" hits="1" branch="False" />
            <line number="68" hits="1" branch="False" />
            <line number="69" hits="1" branch="False" />
            <line number="70" hits="1" branch="False" />
            <line number="71" hits="1" branch="False" />
            <line number="72" hits="1" branch="False" />
            <line number="73" hits="1" branch="False" />
            <line number="77" hits="1" branch="False" />
            <line number="80" hits="1" branch="False" />
            <line number="81" hits="1" branch="False" />
            <line number="82" hits="1" branch="False" />
            <line number="83" hits="1" branch="False" />
            <line number="84" hits="1" branch="True" condition-coverage="100% (6/6)">
              <conditions>
                <condition number="149" type="jump" coverage="100%" />
                <condition number="256" type="jump" coverage="100%" />
                <condition number="327" type="jump" coverage="100%" />
              </conditions>
            </line>
            <line number="85" hits="1" branch="True" condition-coverage="100% (4/4)">
              <conditions>
                <condition number="431" type="jump" coverage="100%" />
                <condition number="538" type="jump" coverage="100%" />
              </conditions>
            </line>
            <line number="86" hits="1" branch="True" condition-coverage="100% (4/4)">
              <conditions>
                <condition number="632" type="jump" coverage="100%" />
                <condition number="739" type="jump" coverage="100%" />
              </conditions>
            </line>
            <line number="87" hits="1" branch="False" />
            <line number="93" hits="1" branch="False" />
            <line number="94" hits="1" branch="False" />
            <line number="95" hits="1" branch="False" />
            <line number="96" hits="1" branch="False" />
            <line number="97" hits="1" branch="False" />
            <line number="98" hits="1" branch="False" />
            <line number="99" hits="1" branch="False" />
            <line number="100" hits="1" branch="False" />
            <line number="101" hits="1" branch="False" />
            <line number="102" hits="1" branch="False" />
            <line number="103" hits="1" branch="False" />
            <line number="104" hits="1" branch="False" />
            <line number="105" hits="1" branch="False" />
            <line number="108" hits="1" branch="False" />
            <line number="109" hits="1" branch="False" />
            <line number="110" hits="1" branch="False" />
            <line number="111" hits="1" branch="False" />
            <line number="114" hits="1" branch="False" />
            <line number="117" hits="1" branch="False" />
            <line number="118" hits="1" branch="False" />
            <line number="119" hits="1" branch="True" condition-coverage="100% (6/6)">
              <conditions>
                <condition number="246" type="jump" coverage="100%" />
                <condition number="353" type="jump" coverage="100%" />
                <condition number="424" type="jump" coverage="100%" />
              </conditions>
            </line>
            <line number="120" hits="1" branch="True" condition-coverage="100% (4/4)">
              <conditions>
                <condition number="529" type="jump" coverage="100%" />
                <condition number="636" type="jump" coverage="100%" />
              </conditions>
            </line>
            <line number="121" hits="1" branch="True" condition-coverage="100% (4/4)">
              <conditions>
                <condition number="742" type="jump" coverage="100%" />
                <condition number="849" type="jump" coverage="100%" />
              </conditions>
            </line>
            <line number="122" hits="1" branch="True" condition-coverage="100% (6/6)">
              <conditions>
                <condition number="953" type="jump" coverage="100%" />
                <condition number="1060" type="jump" coverage="100%" />
                <condition number="1131" type="jump" coverage="100%" />
              </conditions>
            </line>
            <line number="123" hits="1" branch="True" condition-coverage="100% (4/4)">
              <conditions>
                <condition number="1236" type="jump" coverage="100%" />
                <condition number="1343" type="jump" coverage="100%" />
              </conditions>
            </line>
            <line number="124" hits="1" branch="True" condition-coverage="100% (4/4)">
              <conditions>
                <condition number="1449" type="jump" coverage="100%" />
                <condition number="1556" type="jump" coverage="100%" />
              </conditions>
            </line>
            <line number="125" hits="1" branch="False" />
          </lines>
        </class>
      </classes>
    </package>
  </packages>
</coverage>